{
  "uid" : "aa4716cb1f231ddb",
  "name" : "Tc8, Meglévő adat módosítás",
  "fullName" : "udateaddress.UpdateAddressTest.updateTest",
  "historyId" : "ba81521cb165d527242ba3f70733c9d2",
  "time" : {
    "start" : 1629316001884,
    "stop" : 1629316026173,
    "duration" : 24289
  },
  "description" : "",
  "status" : "broken",
  "statusMessage" : "Expected condition failed: waiting for element to be clickable: By.xpath: //*[@id=\"header\"]/div[2]/div/div/nav/div[1]/a (tried for 10 second(s) with 500 milliseconds interval)",
  "statusTrace" : "org.openqa.selenium.TimeoutException: Expected condition failed: waiting for element to be clickable: By.xpath: //*[@id=\"header\"]/div[2]/div/div/nav/div[1]/a (tried for 10 second(s) with 500 milliseconds interval)\n\tat org.openqa.selenium.support.ui.WebDriverWait.timeoutException(WebDriverWait.java:138)\n\tat org.openqa.selenium.support.ui.FluentWait.until(FluentWait.java:234)\n\tat vizsgaremek.LoginPage.clickLogin(LoginPage.java:23)\n\tat udateaddress.UpdateAddressTest.updateTest(UpdateAddressTest.java:18)\n\tat java.base/jdk.internal.reflect.NativeMethodAccessorImpl.invoke0(Native Method)\n\tat java.base/jdk.internal.reflect.NativeMethodAccessorImpl.invoke(NativeMethodAccessorImpl.java:78)\n\tat java.base/jdk.internal.reflect.DelegatingMethodAccessorImpl.invoke(DelegatingMethodAccessorImpl.java:43)\n\tat java.base/java.lang.reflect.Method.invoke(Method.java:567)\n\tat org.junit.platform.commons.util.ReflectionUtils.invokeMethod(ReflectionUtils.java:688)\n\tat org.junit.jupiter.engine.execution.MethodInvocation.proceed(MethodInvocation.java:60)\n\tat org.junit.jupiter.engine.execution.InvocationInterceptorChain$ValidatingInvocation.proceed(InvocationInterceptorChain.java:131)\n\tat org.junit.jupiter.api.extension.InvocationInterceptor.interceptTestMethod(InvocationInterceptor.java:117)\n\tat org.junit.jupiter.engine.execution.ExecutableInvoker$ReflectiveInterceptorCall.lambda$ofVoidMethod$0(ExecutableInvoker.java:115)\n\tat org.junit.jupiter.engine.execution.ExecutableInvoker.lambda$invoke$0(ExecutableInvoker.java:105)\n\tat org.junit.jupiter.engine.execution.InvocationInterceptorChain$InterceptedInvocation.proceed(InvocationInterceptorChain.java:106)\n\tat org.junit.jupiter.engine.extension.TimeoutExtension.intercept(TimeoutExtension.java:149)\n\tat org.junit.jupiter.engine.extension.TimeoutExtension.interceptTestableMethod(TimeoutExtension.java:140)\n\tat org.junit.jupiter.engine.extension.TimeoutExtension.interceptTestMethod(TimeoutExtension.java:84)\n\tat org.junit.jupiter.engine.execution.ExecutableInvoker$ReflectiveInterceptorCall.lambda$ofVoidMethod$0(ExecutableInvoker.java:115)\n\tat org.junit.jupiter.engine.execution.ExecutableInvoker.lambda$invoke$0(ExecutableInvoker.java:105)\n\tat org.junit.jupiter.engine.execution.InvocationInterceptorChain$InterceptedInvocation.proceed(InvocationInterceptorChain.java:106)\n\tat org.junit.jupiter.engine.execution.InvocationInterceptorChain.proceed(InvocationInterceptorChain.java:64)\n\tat org.junit.jupiter.engine.execution.InvocationInterceptorChain.chainAndInvoke(InvocationInterceptorChain.java:45)\n\tat org.junit.jupiter.engine.execution.InvocationInterceptorChain.invoke(InvocationInterceptorChain.java:37)\n\tat org.junit.jupiter.engine.execution.ExecutableInvoker.invoke(ExecutableInvoker.java:104)\n\tat org.junit.jupiter.engine.execution.ExecutableInvoker.invoke(ExecutableInvoker.java:98)\n\tat org.junit.jupiter.engine.descriptor.TestMethodTestDescriptor.lambda$invokeTestMethod$6(TestMethodTestDescriptor.java:210)\n\tat org.junit.platform.engine.support.hierarchical.ThrowableCollector.execute(ThrowableCollector.java:73)\n\tat org.junit.jupiter.engine.descriptor.TestMethodTestDescriptor.invokeTestMethod(TestMethodTestDescriptor.java:206)\n\tat org.junit.jupiter.engine.descriptor.TestMethodTestDescriptor.execute(TestMethodTestDescriptor.java:131)\n\tat org.junit.jupiter.engine.descriptor.TestMethodTestDescriptor.execute(TestMethodTestDescriptor.java:65)\n\tat org.junit.platform.engine.support.hierarchical.NodeTestTask.lambda$executeRecursively$5(NodeTestTask.java:139)\n\tat org.junit.platform.engine.support.hierarchical.ThrowableCollector.execute(ThrowableCollector.java:73)\n\tat org.junit.platform.engine.support.hierarchical.NodeTestTask.lambda$executeRecursively$7(NodeTestTask.java:129)\n\tat org.junit.platform.engine.support.hierarchical.Node.around(Node.java:137)\n\tat org.junit.platform.engine.support.hierarchical.NodeTestTask.lambda$executeRecursively$8(NodeTestTask.java:127)\n\tat org.junit.platform.engine.support.hierarchical.ThrowableCollector.execute(ThrowableCollector.java:73)\n\tat org.junit.platform.engine.support.hierarchical.NodeTestTask.executeRecursively(NodeTestTask.java:126)\n\tat org.junit.platform.engine.support.hierarchical.NodeTestTask.execute(NodeTestTask.java:84)\n\tat org.junit.platform.engine.support.hierarchical.ForkJoinPoolHierarchicalTestExecutorService$ExclusiveTask.compute(ForkJoinPoolHierarchicalTestExecutorService.java:185)\n\tat org.junit.platform.engine.support.hierarchical.ForkJoinPoolHierarchicalTestExecutorService.invokeAll(ForkJoinPoolHierarchicalTestExecutorService.java:129)\n\tat org.junit.platform.engine.support.hierarchical.NodeTestTask.lambda$executeRecursively$5(NodeTestTask.java:143)\n\tat org.junit.platform.engine.support.hierarchical.ThrowableCollector.execute(ThrowableCollector.java:73)\n\tat org.junit.platform.engine.support.hierarchical.NodeTestTask.lambda$executeRecursively$7(NodeTestTask.java:129)\n\tat org.junit.platform.engine.support.hierarchical.Node.around(Node.java:137)\n\tat org.junit.platform.engine.support.hierarchical.NodeTestTask.lambda$executeRecursively$8(NodeTestTask.java:127)\n\tat org.junit.platform.engine.support.hierarchical.ThrowableCollector.execute(ThrowableCollector.java:73)\n\tat org.junit.platform.engine.support.hierarchical.NodeTestTask.executeRecursively(NodeTestTask.java:126)\n\tat org.junit.platform.engine.support.hierarchical.NodeTestTask.execute(NodeTestTask.java:84)\n\tat org.junit.platform.engine.support.hierarchical.ForkJoinPoolHierarchicalTestExecutorService$ExclusiveTask.compute(ForkJoinPoolHierarchicalTestExecutorService.java:185)\n\tat org.junit.platform.engine.support.hierarchical.ForkJoinPoolHierarchicalTestExecutorService.executeNonConcurrentTasks(ForkJoinPoolHierarchicalTestExecutorService.java:155)\n\tat org.junit.platform.engine.support.hierarchical.ForkJoinPoolHierarchicalTestExecutorService.invokeAll(ForkJoinPoolHierarchicalTestExecutorService.java:135)\n\tat org.junit.platform.engine.support.hierarchical.NodeTestTask.lambda$executeRecursively$5(NodeTestTask.java:143)\n\tat org.junit.platform.engine.support.hierarchical.ThrowableCollector.execute(ThrowableCollector.java:73)\n\tat org.junit.platform.engine.support.hierarchical.NodeTestTask.lambda$executeRecursively$7(NodeTestTask.java:129)\n\tat org.junit.platform.engine.support.hierarchical.Node.around(Node.java:137)\n\tat org.junit.platform.engine.support.hierarchical.NodeTestTask.lambda$executeRecursively$8(NodeTestTask.java:127)\n\tat org.junit.platform.engine.support.hierarchical.ThrowableCollector.execute(ThrowableCollector.java:73)\n\tat org.junit.platform.engine.support.hierarchical.NodeTestTask.executeRecursively(NodeTestTask.java:126)\n\tat org.junit.platform.engine.support.hierarchical.NodeTestTask.execute(NodeTestTask.java:84)\n\tat org.junit.platform.engine.support.hierarchical.ForkJoinPoolHierarchicalTestExecutorService$ExclusiveTask.compute(ForkJoinPoolHierarchicalTestExecutorService.java:185)\n\tat java.base/java.util.concurrent.RecursiveAction.exec(RecursiveAction.java:194)\n\tat java.base/java.util.concurrent.ForkJoinTask.doExec(ForkJoinTask.java:295)\n\tat java.base/java.util.concurrent.ForkJoinPool$WorkQueue.topLevelExec(ForkJoinPool.java:1016)\n\tat java.base/java.util.concurrent.ForkJoinPool.scan(ForkJoinPool.java:1665)\n\tat java.base/java.util.concurrent.ForkJoinPool.runWorker(ForkJoinPool.java:1598)\n\tat java.base/java.util.concurrent.ForkJoinWorkerThread.run(ForkJoinWorkerThread.java:183)\nCaused by: org.openqa.selenium.NoSuchElementException: no such element: Unable to locate element: {\"method\":\"xpath\",\"selector\":\"//*[@id=\"header\"]/div[2]/div/div/nav/div[1]/a\"}\n  (Session info: headless chrome=92.0.4515.131)\nFor documentation on this error, please visit: https://www.seleniumhq.org/exceptions/no_such_element.html\nBuild info: version: '4.0.0-alpha-2', revision: 'f148142cf8', time: '2019-07-01T20:55:26'\nSystem info: host: 'fv-az72-270', ip: '10.1.1.22', os.name: 'Linux', os.arch: 'amd64', os.version: '5.8.0-1039-azure', java.version: '16.0.2'\nDriver info: org.openqa.selenium.chrome.ChromeDriver\nCapabilities {acceptInsecureCerts: false, browserName: chrome, browserVersion: 92.0.4515.131, chrome: {chromedriverVersion: 92.0.4515.107 (87a818b10553..., userDataDir: /tmp/.com.google.Chrome.e6Xy2Y}, goog:chromeOptions: {debuggerAddress: localhost:46879}, javascriptEnabled: true, networkConnectionEnabled: false, pageLoadStrategy: normal, platform: LINUX, platformName: LINUX, proxy: Proxy(), setWindowRect: true, strictFileInteractability: false, timeouts: {implicit: 0, pageLoad: 300000, script: 30000}, unhandledPromptBehavior: dismiss and notify, webauthn:extension:credBlob: true, webauthn:extension:largeBlob: true, webauthn:virtualAuthenticators: true}\nSession ID: 1d389ef8f831609c255162bba210a536\n*** Element info: {Using=xpath, value=//*[@id=\"header\"]/div[2]/div/div/nav/div[1]/a}\n\tat java.base/jdk.internal.reflect.NativeConstructorAccessorImpl.newInstance0(Native Method)\n\tat java.base/jdk.internal.reflect.NativeConstructorAccessorImpl.newInstance(NativeConstructorAccessorImpl.java:78)\n\tat java.base/jdk.internal.reflect.DelegatingConstructorAccessorImpl.newInstance(DelegatingConstructorAccessorImpl.java:45)\n\tat java.base/java.lang.reflect.Constructor.newInstanceWithCaller(Constructor.java:499)\n\tat java.base/java.lang.reflect.Constructor.newInstance(Constructor.java:480)\n\tat org.openqa.selenium.remote.codec.w3c.W3CHttpResponseCodec.createException(W3CHttpResponseCodec.java:191)\n\tat org.openqa.selenium.remote.codec.w3c.W3CHttpResponseCodec.decode(W3CHttpResponseCodec.java:125)\n\tat org.openqa.selenium.remote.codec.w3c.W3CHttpResponseCodec.decode(W3CHttpResponseCodec.java:52)\n\tat org.openqa.selenium.remote.HttpCommandExecutor.execute(HttpCommandExecutor.java:161)\n\tat org.openqa.selenium.remote.service.DriverCommandExecutor.execute(DriverCommandExecutor.java:83)\n\tat org.openqa.selenium.remote.RemoteWebDriver.execute(RemoteWebDriver.java:576)\n\tat org.openqa.selenium.remote.RemoteWebDriver.findElement(RemoteWebDriver.java:327)\n\tat org.openqa.selenium.remote.RemoteWebDriver.findElementByXPath(RemoteWebDriver.java:445)\n\tat org.openqa.selenium.By$ByXPath.findElement(By.java:353)\n\tat org.openqa.selenium.remote.RemoteWebDriver.findElement(RemoteWebDriver.java:319)\n\tat org.openqa.selenium.support.ui.ExpectedConditions$7.apply(ExpectedConditions.java:205)\n\tat org.openqa.selenium.support.ui.ExpectedConditions$7.apply(ExpectedConditions.java:201)\n\tat org.openqa.selenium.support.ui.ExpectedConditions$22.apply(ExpectedConditions.java:641)\n\tat org.openqa.selenium.support.ui.ExpectedConditions$22.apply(ExpectedConditions.java:638)\n\tat org.openqa.selenium.support.ui.FluentWait.until(FluentWait.java:211)\n\t... 65 more\n",
  "flaky" : false,
  "newFailed" : false,
  "beforeStages" : [ {
    "name" : "Setup",
    "time" : {
      "start" : 1629316001885,
      "stop" : 1629316006047,
      "duration" : 4162
    },
    "status" : "passed",
    "steps" : [ ],
    "attachments" : [ ],
    "parameters" : [ ],
    "stepsCount" : 0,
    "attachmentsCount" : 0,
    "shouldDisplayMessage" : false,
    "hasContent" : false
  } ],
  "afterStages" : [ {
    "name" : "quit",
    "time" : {
      "start" : 1629316026104,
      "stop" : 1629316026172,
      "duration" : 68
    },
    "status" : "passed",
    "steps" : [ ],
    "attachments" : [ ],
    "parameters" : [ ],
    "stepsCount" : 0,
    "attachmentsCount" : 0,
    "shouldDisplayMessage" : false,
    "hasContent" : false
  } ],
  "labels" : [ {
    "name" : "host",
    "value" : "fv-az72-270"
  }, {
    "name" : "thread",
    "value" : "4724@fv-az72-270.ForkJoinPool-1-worker-3(16)"
  }, {
    "name" : "framework",
    "value" : "junit-platform"
  }, {
    "name" : "language",
    "value" : "java"
  }, {
    "name" : "package",
    "value" : "udateaddress.UpdateAddressTest"
  }, {
    "name" : "testClass",
    "value" : "udateaddress.UpdateAddressTest"
  }, {
    "name" : "testMethod",
    "value" : "updateTest"
  }, {
    "name" : "suite",
    "value" : "udateaddress.UpdateAddressTest"
  }, {
    "name" : "resultFormat",
    "value" : "allure2"
  } ],
  "parameters" : [ ],
  "links" : [ ],
  "hidden" : false,
  "retry" : false,
  "extra" : {
    "severity" : "normal",
    "retries" : [ ],
    "categories" : [ {
      "name" : "Test defects",
      "matchedStatuses" : [ ],
      "flaky" : false
    } ],
    "history" : {
      "statistic" : {
        "failed" : 0,
        "broken" : 28,
        "skipped" : 0,
        "passed" : 43,
        "unknown" : 0,
        "total" : 71
      },
      "items" : [ {
        "uid" : "6b3e9807187508e",
        "reportUrl" : "https://Szalma.github.io/vizsgaremek/20//#testresult/6b3e9807187508e",
        "status" : "broken",
        "statusDetails" : "Expected condition failed: waiting for element to be clickable: By.xpath: //*[@id=\"header\"]/div[2]/div/div/nav/div[1]/a (tried for 10 second(s) with 500 milliseconds interval)",
        "time" : {
          "start" : 1629315993432,
          "stop" : 1629316013947,
          "duration" : 20515
        }
      }, {
        "uid" : "3072d019908cde10",
        "reportUrl" : "https://Szalma.github.io/vizsgaremek/25//#testresult/3072d019908cde10",
        "status" : "passed",
        "time" : {
          "start" : 1629315680448,
          "stop" : 1629315749215,
          "duration" : 68767
        }
      }, {
        "uid" : "d6552f18bfa4cdc8",
        "reportUrl" : "https://Szalma.github.io/vizsgaremek/24//#testresult/d6552f18bfa4cdc8",
        "status" : "broken",
        "statusDetails" : "no such element: Unable to locate element: {\"method\":\"css selector\",\"selector\":\"#email\"}\n  (Session info: headless chrome=92.0.4515.131)\nFor documentation on this error, please visit: https://www.seleniumhq.org/exceptions/no_such_element.html\nBuild info: version: '4.0.0-alpha-2', revision: 'f148142cf8', time: '2019-07-01T20:55:26'\nSystem info: host: 'fv-az83-229', ip: '10.1.0.47', os.name: 'Linux', os.arch: 'amd64', os.version: '5.8.0-1039-azure', java.version: '1.8.0_302'\nDriver info: org.openqa.selenium.chrome.ChromeDriver\nCapabilities {acceptInsecureCerts: false, browserName: chrome, browserVersion: 92.0.4515.131, chrome: {chromedriverVersion: 92.0.4515.107 (87a818b10553..., userDataDir: /tmp/.com.google.Chrome.Pp6HDp}, goog:chromeOptions: {debuggerAddress: localhost:43127}, javascriptEnabled: true, networkConnectionEnabled: false, pageLoadStrategy: normal, platform: LINUX, platformName: LINUX, proxy: Proxy(), setWindowRect: true, strictFileInteractability: false, timeouts: {implicit: 0, pageLoad: 300000, script: 30000}, unhandledPromptBehavior: dismiss and notify, webauthn:extension:credBlob: true, webauthn:extension:largeBlob: true, webauthn:virtualAuthenticators: true}\nSession ID: 542fb74fb13bb247966b348069cf5cfb\n*** Element info: {Using=id, value=email}",
        "time" : {
          "start" : 1629315653363,
          "stop" : 1629315692852,
          "duration" : 39489
        }
      }, {
        "uid" : "e0f987962966a9ed",
        "reportUrl" : "https://Szalma.github.io/vizsgaremek/17//#testresult/e0f987962966a9ed",
        "status" : "broken",
        "statusDetails" : "Expected condition failed: waiting for element to be clickable: By.xpath: //*[@id=\"header\"]/div[2]/div/div/nav/div[1]/a (tried for 10 second(s) with 500 milliseconds interval)",
        "time" : {
          "start" : 1629315670646,
          "stop" : 1629315695596,
          "duration" : 24950
        }
      }, {
        "uid" : "3615e634cb19c96d",
        "reportUrl" : "https://Szalma.github.io/vizsgaremek/19//#testresult/3615e634cb19c96d",
        "status" : "passed",
        "time" : {
          "start" : 1629315059230,
          "stop" : 1629315115663,
          "duration" : 56433
        }
      }, {
        "uid" : "a9dc80fa65e6ef52",
        "reportUrl" : "https://Szalma.github.io/vizsgaremek/21//#testresult/a9dc80fa65e6ef52",
        "status" : "broken",
        "statusDetails" : "Expected condition failed: waiting for element to be clickable: By.xpath: //*[@id=\"header\"]/div[2]/div/div/nav/div[1]/a (tried for 10 second(s) with 500 milliseconds interval)",
        "time" : {
          "start" : 1629315028444,
          "stop" : 1629315052793,
          "duration" : 24349
        }
      }, {
        "uid" : "355fd2038c4ceb0c",
        "reportUrl" : "https://Szalma.github.io/vizsgaremek/23//#testresult/355fd2038c4ceb0c",
        "status" : "passed",
        "time" : {
          "start" : 1629314759209,
          "stop" : 1629314828284,
          "duration" : 69075
        }
      }, {
        "uid" : "ee92b50e1f580149",
        "reportUrl" : "https://Szalma.github.io/vizsgaremek/16//#testresult/ee92b50e1f580149",
        "status" : "passed",
        "time" : {
          "start" : 1629314725770,
          "stop" : 1629314792103,
          "duration" : 66333
        }
      }, {
        "uid" : "cb2972f742abf8b1",
        "reportUrl" : "https://Szalma.github.io/vizsgaremek/24//#testresult/cb2972f742abf8b1",
        "status" : "broken",
        "statusDetails" : "Expected condition failed: waiting for element to be clickable: By.xpath: //*[@id=\"header\"]/div[2]/div/div/nav/div[1]/a (tried for 10 second(s) with 500 milliseconds interval)",
        "time" : {
          "start" : 1629314697523,
          "stop" : 1629314723190,
          "duration" : 25667
        }
      }, {
        "uid" : "68280715fc3d0b57",
        "reportUrl" : "https://Szalma.github.io/vizsgaremek/20//#testresult/68280715fc3d0b57",
        "status" : "passed",
        "time" : {
          "start" : 1629307612753,
          "stop" : 1629307662408,
          "duration" : 49655
        }
      }, {
        "uid" : "a94d2f4372f23b74",
        "reportUrl" : "https://Szalma.github.io/vizsgaremek/18//#testresult/a94d2f4372f23b74",
        "status" : "broken",
        "statusDetails" : "Expected condition failed: waiting for element to be clickable: By.xpath: //*[@id=\"header\"]/div[2]/div/div/nav/div[1]/a (tried for 10 second(s) with 500 milliseconds interval)",
        "time" : {
          "start" : 1629307420336,
          "stop" : 1629307445502,
          "duration" : 25166
        }
      }, {
        "uid" : "630227751ef4903",
        "reportUrl" : "https://Szalma.github.io/vizsgaremek/22//#testresult/630227751ef4903",
        "status" : "broken",
        "statusDetails" : "no such element: Unable to locate element: {\"method\":\"css selector\",\"selector\":\"#email\"}\n  (Session info: headless chrome=92.0.4515.131)\nFor documentation on this error, please visit: https://www.seleniumhq.org/exceptions/no_such_element.html\nBuild info: version: '4.0.0-alpha-2', revision: 'f148142cf8', time: '2019-07-01T20:55:26'\nSystem info: host: 'fv-az83-229', ip: '10.1.1.96', os.name: 'Linux', os.arch: 'amd64', os.version: '5.8.0-1039-azure', java.version: '1.8.0_302'\nDriver info: org.openqa.selenium.chrome.ChromeDriver\nCapabilities {acceptInsecureCerts: false, browserName: chrome, browserVersion: 92.0.4515.131, chrome: {chromedriverVersion: 92.0.4515.107 (87a818b10553..., userDataDir: /tmp/.com.google.Chrome.hG2K68}, goog:chromeOptions: {debuggerAddress: localhost:42551}, javascriptEnabled: true, networkConnectionEnabled: false, pageLoadStrategy: normal, platform: LINUX, platformName: LINUX, proxy: Proxy(), setWindowRect: true, strictFileInteractability: false, timeouts: {implicit: 0, pageLoad: 300000, script: 30000}, unhandledPromptBehavior: dismiss and notify, webauthn:extension:credBlob: true, webauthn:extension:largeBlob: true, webauthn:virtualAuthenticators: true}\nSession ID: ac58bfe505faecac06ab656b0a43a095\n*** Element info: {Using=id, value=email}",
        "time" : {
          "start" : 1629307156171,
          "stop" : 1629307189910,
          "duration" : 33739
        }
      }, {
        "uid" : "923883e3a4567596",
        "reportUrl" : "https://Szalma.github.io/vizsgaremek/15//#testresult/923883e3a4567596",
        "status" : "passed",
        "time" : {
          "start" : 1629307095370,
          "stop" : 1629307154932,
          "duration" : 59562
        }
      }, {
        "uid" : "52a092142f40ff9",
        "reportUrl" : "https://Szalma.github.io/vizsgaremek/23//#testresult/52a092142f40ff9",
        "status" : "broken",
        "statusDetails" : "no such element: Unable to locate element: {\"method\":\"css selector\",\"selector\":\"#email\"}\n  (Session info: headless chrome=92.0.4515.131)\nFor documentation on this error, please visit: https://www.seleniumhq.org/exceptions/no_such_element.html\nBuild info: version: '4.0.0-alpha-2', revision: 'f148142cf8', time: '2019-07-01T20:55:26'\nSystem info: host: 'fv-az47-628', ip: '10.1.0.47', os.name: 'Linux', os.arch: 'amd64', os.version: '5.8.0-1039-azure', java.version: '1.8.0_302'\nDriver info: org.openqa.selenium.chrome.ChromeDriver\nCapabilities {acceptInsecureCerts: false, browserName: chrome, browserVersion: 92.0.4515.131, chrome: {chromedriverVersion: 92.0.4515.107 (87a818b10553..., userDataDir: /tmp/.com.google.Chrome.Z6xgOZ}, goog:chromeOptions: {debuggerAddress: localhost:34259}, javascriptEnabled: true, networkConnectionEnabled: false, pageLoadStrategy: normal, platform: LINUX, platformName: LINUX, proxy: Proxy(), setWindowRect: true, strictFileInteractability: false, timeouts: {implicit: 0, pageLoad: 300000, script: 30000}, unhandledPromptBehavior: dismiss and notify, webauthn:extension:credBlob: true, webauthn:extension:largeBlob: true, webauthn:virtualAuthenticators: true}\nSession ID: 3b4d33c63712c46eb0247122c9085920\n*** Element info: {Using=id, value=email}",
        "time" : {
          "start" : 1629307117611,
          "stop" : 1629307153371,
          "duration" : 35760
        }
      }, {
        "uid" : "7cd29e70bf5fed43",
        "reportUrl" : "https://Szalma.github.io/vizsgaremek/17//#testresult/7cd29e70bf5fed43",
        "status" : "broken",
        "statusDetails" : "Expected condition failed: waiting for element to be clickable: By.xpath: //*[@id=\"header\"]/div[2]/div/div/nav/div[1]/a (tried for 10 second(s) with 500 milliseconds interval)",
        "time" : {
          "start" : 1629299930062,
          "stop" : 1629299950542,
          "duration" : 20480
        }
      }, {
        "uid" : "c7cdc531f67d9070",
        "reportUrl" : "https://Szalma.github.io/vizsgaremek/14//#testresult/c7cdc531f67d9070",
        "status" : "broken",
        "statusDetails" : "no such element: Unable to locate element: {\"method\":\"css selector\",\"selector\":\"#email\"}\n  (Session info: headless chrome=92.0.4515.131)\nFor documentation on this error, please visit: https://www.seleniumhq.org/exceptions/no_such_element.html\nBuild info: version: '4.0.0-alpha-2', revision: 'f148142cf8', time: '2019-07-01T20:55:26'\nSystem info: host: 'fv-az47-628', ip: '10.1.0.18', os.name: 'Linux', os.arch: 'amd64', os.version: '5.8.0-1039-azure', java.version: '1.8.0_302'\nDriver info: org.openqa.selenium.chrome.ChromeDriver\nCapabilities {acceptInsecureCerts: false, browserName: chrome, browserVersion: 92.0.4515.131, chrome: {chromedriverVersion: 92.0.4515.107 (87a818b10553..., userDataDir: /tmp/.com.google.Chrome.zrYP3P}, goog:chromeOptions: {debuggerAddress: localhost:37771}, javascriptEnabled: true, networkConnectionEnabled: false, pageLoadStrategy: normal, platform: LINUX, platformName: LINUX, proxy: Proxy(), setWindowRect: true, strictFileInteractability: false, timeouts: {implicit: 0, pageLoad: 300000, script: 30000}, unhandledPromptBehavior: dismiss and notify, webauthn:extension:credBlob: true, webauthn:extension:largeBlob: true, webauthn:virtualAuthenticators: true}\nSession ID: 0d010ea77edae033062d595861dd038c\n*** Element info: {Using=id, value=email}",
        "time" : {
          "start" : 1629299688587,
          "stop" : 1629299722962,
          "duration" : 34375
        }
      }, {
        "uid" : "468f458375942527",
        "reportUrl" : "https://Szalma.github.io/vizsgaremek/21//#testresult/468f458375942527",
        "status" : "broken",
        "statusDetails" : "Expected condition failed: waiting for element to be clickable: By.xpath: //*[@id=\"header\"]/div[2]/div/div/nav/div[1]/a (tried for 10 second(s) with 500 milliseconds interval)",
        "time" : {
          "start" : 1629299639480,
          "stop" : 1629299665313,
          "duration" : 25833
        }
      }, {
        "uid" : "bf05fd462cef46c2",
        "reportUrl" : "https://Szalma.github.io/vizsgaremek/16//#testresult/bf05fd462cef46c2",
        "status" : "passed",
        "time" : {
          "start" : 1629286574416,
          "stop" : 1629286621671,
          "duration" : 47255
        }
      }, {
        "uid" : "95a4f07ec4c68426",
        "reportUrl" : "https://Szalma.github.io/vizsgaremek/18//#testresult/95a4f07ec4c68426",
        "status" : "passed",
        "time" : {
          "start" : 1629286547862,
          "stop" : 1629286569736,
          "duration" : 21874
        }
      }, {
        "uid" : "a854f9c802b30745",
        "reportUrl" : "https://Szalma.github.io/vizsgaremek/13//#testresult/a854f9c802b30745",
        "status" : "broken",
        "statusDetails" : "Expected condition failed: waiting for element to be clickable: By.xpath: //*[@id=\"header\"]/div[2]/div/div/nav/div[1]/a (tried for 10 second(s) with 500 milliseconds interval)",
        "time" : {
          "start" : 1629286330801,
          "stop" : 1629286351366,
          "duration" : 20565
        }
      } ]
    },
    "tags" : [ ]
  },
  "source" : "aa4716cb1f231ddb.json",
  "parameterValues" : [ ]
}