{
  "uid" : "b454a3aef59b2276",
  "name" : "successLogin()",
  "fullName" : "login.LoginTest.successLogin",
  "historyId" : "ec8b7578a520adb49c40c78d5a0be45f",
  "time" : {
    "start" : 1629216147618,
    "stop" : 1629216172687,
    "duration" : 25069
  },
  "description" : "",
  "status" : "broken",
  "statusMessage" : "Expected condition failed: waiting for element to be clickable: By.xpath: //*[@id=\"header\"]/div[2]/div/div/nav/div[1]/a (tried for 10 second(s) with 500 milliseconds interval)",
  "statusTrace" : "org.openqa.selenium.TimeoutException: Expected condition failed: waiting for element to be clickable: By.xpath: //*[@id=\"header\"]/div[2]/div/div/nav/div[1]/a (tried for 10 second(s) with 500 milliseconds interval)\n\tat org.openqa.selenium.support.ui.WebDriverWait.timeoutException(WebDriverWait.java:138)\n\tat org.openqa.selenium.support.ui.FluentWait.until(FluentWait.java:234)\n\tat vizsgaremek.LoginPage.clickLogin(LoginPage.java:23)\n\tat login.LoginTest.successLogin(LoginTest.java:15)\n\tat java.base/jdk.internal.reflect.NativeMethodAccessorImpl.invoke0(Native Method)\n\tat java.base/jdk.internal.reflect.NativeMethodAccessorImpl.invoke(NativeMethodAccessorImpl.java:78)\n\tat java.base/jdk.internal.reflect.DelegatingMethodAccessorImpl.invoke(DelegatingMethodAccessorImpl.java:43)\n\tat java.base/java.lang.reflect.Method.invoke(Method.java:567)\n\tat org.junit.platform.commons.util.ReflectionUtils.invokeMethod(ReflectionUtils.java:688)\n\tat org.junit.jupiter.engine.execution.MethodInvocation.proceed(MethodInvocation.java:60)\n\tat org.junit.jupiter.engine.execution.InvocationInterceptorChain$ValidatingInvocation.proceed(InvocationInterceptorChain.java:131)\n\tat org.junit.jupiter.api.extension.InvocationInterceptor.interceptTestMethod(InvocationInterceptor.java:117)\n\tat org.junit.jupiter.engine.execution.ExecutableInvoker$ReflectiveInterceptorCall.lambda$ofVoidMethod$0(ExecutableInvoker.java:115)\n\tat org.junit.jupiter.engine.execution.ExecutableInvoker.lambda$invoke$0(ExecutableInvoker.java:105)\n\tat org.junit.jupiter.engine.execution.InvocationInterceptorChain$InterceptedInvocation.proceed(InvocationInterceptorChain.java:106)\n\tat org.junit.jupiter.engine.extension.TimeoutExtension.intercept(TimeoutExtension.java:149)\n\tat org.junit.jupiter.engine.extension.TimeoutExtension.interceptTestableMethod(TimeoutExtension.java:140)\n\tat org.junit.jupiter.engine.extension.TimeoutExtension.interceptTestMethod(TimeoutExtension.java:84)\n\tat org.junit.jupiter.engine.execution.ExecutableInvoker$ReflectiveInterceptorCall.lambda$ofVoidMethod$0(ExecutableInvoker.java:115)\n\tat org.junit.jupiter.engine.execution.ExecutableInvoker.lambda$invoke$0(ExecutableInvoker.java:105)\n\tat org.junit.jupiter.engine.execution.InvocationInterceptorChain$InterceptedInvocation.proceed(InvocationInterceptorChain.java:106)\n\tat org.junit.jupiter.engine.execution.InvocationInterceptorChain.proceed(InvocationInterceptorChain.java:64)\n\tat org.junit.jupiter.engine.execution.InvocationInterceptorChain.chainAndInvoke(InvocationInterceptorChain.java:45)\n\tat org.junit.jupiter.engine.execution.InvocationInterceptorChain.invoke(InvocationInterceptorChain.java:37)\n\tat org.junit.jupiter.engine.execution.ExecutableInvoker.invoke(ExecutableInvoker.java:104)\n\tat org.junit.jupiter.engine.execution.ExecutableInvoker.invoke(ExecutableInvoker.java:98)\n\tat org.junit.jupiter.engine.descriptor.TestMethodTestDescriptor.lambda$invokeTestMethod$6(TestMethodTestDescriptor.java:210)\n\tat org.junit.platform.engine.support.hierarchical.ThrowableCollector.execute(ThrowableCollector.java:73)\n\tat org.junit.jupiter.engine.descriptor.TestMethodTestDescriptor.invokeTestMethod(TestMethodTestDescriptor.java:206)\n\tat org.junit.jupiter.engine.descriptor.TestMethodTestDescriptor.execute(TestMethodTestDescriptor.java:131)\n\tat org.junit.jupiter.engine.descriptor.TestMethodTestDescriptor.execute(TestMethodTestDescriptor.java:65)\n\tat org.junit.platform.engine.support.hierarchical.NodeTestTask.lambda$executeRecursively$5(NodeTestTask.java:139)\n\tat org.junit.platform.engine.support.hierarchical.ThrowableCollector.execute(ThrowableCollector.java:73)\n\tat org.junit.platform.engine.support.hierarchical.NodeTestTask.lambda$executeRecursively$7(NodeTestTask.java:129)\n\tat org.junit.platform.engine.support.hierarchical.Node.around(Node.java:137)\n\tat org.junit.platform.engine.support.hierarchical.NodeTestTask.lambda$executeRecursively$8(NodeTestTask.java:127)\n\tat org.junit.platform.engine.support.hierarchical.ThrowableCollector.execute(ThrowableCollector.java:73)\n\tat org.junit.platform.engine.support.hierarchical.NodeTestTask.executeRecursively(NodeTestTask.java:126)\n\tat org.junit.platform.engine.support.hierarchical.NodeTestTask.execute(NodeTestTask.java:84)\n\tat org.junit.platform.engine.support.hierarchical.ForkJoinPoolHierarchicalTestExecutorService$ExclusiveTask.compute(ForkJoinPoolHierarchicalTestExecutorService.java:185)\n\tat org.junit.platform.engine.support.hierarchical.ForkJoinPoolHierarchicalTestExecutorService.invokeAll(ForkJoinPoolHierarchicalTestExecutorService.java:129)\n\tat org.junit.platform.engine.support.hierarchical.NodeTestTask.lambda$executeRecursively$5(NodeTestTask.java:143)\n\tat org.junit.platform.engine.support.hierarchical.ThrowableCollector.execute(ThrowableCollector.java:73)\n\tat org.junit.platform.engine.support.hierarchical.NodeTestTask.lambda$executeRecursively$7(NodeTestTask.java:129)\n\tat org.junit.platform.engine.support.hierarchical.Node.around(Node.java:137)\n\tat org.junit.platform.engine.support.hierarchical.NodeTestTask.lambda$executeRecursively$8(NodeTestTask.java:127)\n\tat org.junit.platform.engine.support.hierarchical.ThrowableCollector.execute(ThrowableCollector.java:73)\n\tat org.junit.platform.engine.support.hierarchical.NodeTestTask.executeRecursively(NodeTestTask.java:126)\n\tat org.junit.platform.engine.support.hierarchical.NodeTestTask.execute(NodeTestTask.java:84)\n\tat org.junit.platform.engine.support.hierarchical.ForkJoinPoolHierarchicalTestExecutorService$ExclusiveTask.compute(ForkJoinPoolHierarchicalTestExecutorService.java:185)\n\tat org.junit.platform.engine.support.hierarchical.ForkJoinPoolHierarchicalTestExecutorService.executeNonConcurrentTasks(ForkJoinPoolHierarchicalTestExecutorService.java:155)\n\tat org.junit.platform.engine.support.hierarchical.ForkJoinPoolHierarchicalTestExecutorService.invokeAll(ForkJoinPoolHierarchicalTestExecutorService.java:135)\n\tat org.junit.platform.engine.support.hierarchical.NodeTestTask.lambda$executeRecursively$5(NodeTestTask.java:143)\n\tat org.junit.platform.engine.support.hierarchical.ThrowableCollector.execute(ThrowableCollector.java:73)\n\tat org.junit.platform.engine.support.hierarchical.NodeTestTask.lambda$executeRecursively$7(NodeTestTask.java:129)\n\tat org.junit.platform.engine.support.hierarchical.Node.around(Node.java:137)\n\tat org.junit.platform.engine.support.hierarchical.NodeTestTask.lambda$executeRecursively$8(NodeTestTask.java:127)\n\tat org.junit.platform.engine.support.hierarchical.ThrowableCollector.execute(ThrowableCollector.java:73)\n\tat org.junit.platform.engine.support.hierarchical.NodeTestTask.executeRecursively(NodeTestTask.java:126)\n\tat org.junit.platform.engine.support.hierarchical.NodeTestTask.execute(NodeTestTask.java:84)\n\tat org.junit.platform.engine.support.hierarchical.ForkJoinPoolHierarchicalTestExecutorService$ExclusiveTask.compute(ForkJoinPoolHierarchicalTestExecutorService.java:185)\n\tat java.base/java.util.concurrent.RecursiveAction.exec(RecursiveAction.java:194)\n\tat java.base/java.util.concurrent.ForkJoinTask.doExec(ForkJoinTask.java:295)\n\tat java.base/java.util.concurrent.ForkJoinPool$WorkQueue.topLevelExec(ForkJoinPool.java:1016)\n\tat java.base/java.util.concurrent.ForkJoinPool.scan(ForkJoinPool.java:1665)\n\tat java.base/java.util.concurrent.ForkJoinPool.runWorker(ForkJoinPool.java:1598)\n\tat java.base/java.util.concurrent.ForkJoinWorkerThread.run(ForkJoinWorkerThread.java:183)\nCaused by: org.openqa.selenium.NoSuchElementException: no such element: Unable to locate element: {\"method\":\"xpath\",\"selector\":\"//*[@id=\"header\"]/div[2]/div/div/nav/div[1]/a\"}\n  (Session info: headless chrome=92.0.4515.131)\nFor documentation on this error, please visit: https://www.seleniumhq.org/exceptions/no_such_element.html\nBuild info: version: '4.0.0-alpha-2', revision: 'f148142cf8', time: '2019-07-01T20:55:26'\nSystem info: host: 'fv-az82-699', ip: '10.1.0.202', os.name: 'Linux', os.arch: 'amd64', os.version: '5.8.0-1039-azure', java.version: '16.0.2'\nDriver info: org.openqa.selenium.chrome.ChromeDriver\nCapabilities {acceptInsecureCerts: false, browserName: chrome, browserVersion: 92.0.4515.131, chrome: {chromedriverVersion: 92.0.4515.107 (87a818b10553..., userDataDir: /tmp/.com.google.Chrome.NOEWFn}, goog:chromeOptions: {debuggerAddress: localhost:42217}, javascriptEnabled: true, networkConnectionEnabled: false, pageLoadStrategy: normal, platform: LINUX, platformName: LINUX, proxy: Proxy(), setWindowRect: true, strictFileInteractability: false, timeouts: {implicit: 0, pageLoad: 300000, script: 30000}, unhandledPromptBehavior: dismiss and notify, webauthn:extension:credBlob: true, webauthn:extension:largeBlob: true, webauthn:virtualAuthenticators: true}\nSession ID: 667fff6fe87b430dbad456481ecb55d4\n*** Element info: {Using=xpath, value=//*[@id=\"header\"]/div[2]/div/div/nav/div[1]/a}\n\tat java.base/jdk.internal.reflect.NativeConstructorAccessorImpl.newInstance0(Native Method)\n\tat java.base/jdk.internal.reflect.NativeConstructorAccessorImpl.newInstance(NativeConstructorAccessorImpl.java:78)\n\tat java.base/jdk.internal.reflect.DelegatingConstructorAccessorImpl.newInstance(DelegatingConstructorAccessorImpl.java:45)\n\tat java.base/java.lang.reflect.Constructor.newInstanceWithCaller(Constructor.java:499)\n\tat java.base/java.lang.reflect.Constructor.newInstance(Constructor.java:480)\n\tat org.openqa.selenium.remote.codec.w3c.W3CHttpResponseCodec.createException(W3CHttpResponseCodec.java:191)\n\tat org.openqa.selenium.remote.codec.w3c.W3CHttpResponseCodec.decode(W3CHttpResponseCodec.java:125)\n\tat org.openqa.selenium.remote.codec.w3c.W3CHttpResponseCodec.decode(W3CHttpResponseCodec.java:52)\n\tat org.openqa.selenium.remote.HttpCommandExecutor.execute(HttpCommandExecutor.java:161)\n\tat org.openqa.selenium.remote.service.DriverCommandExecutor.execute(DriverCommandExecutor.java:83)\n\tat org.openqa.selenium.remote.RemoteWebDriver.execute(RemoteWebDriver.java:576)\n\tat org.openqa.selenium.remote.RemoteWebDriver.findElement(RemoteWebDriver.java:327)\n\tat org.openqa.selenium.remote.RemoteWebDriver.findElementByXPath(RemoteWebDriver.java:445)\n\tat org.openqa.selenium.By$ByXPath.findElement(By.java:353)\n\tat org.openqa.selenium.remote.RemoteWebDriver.findElement(RemoteWebDriver.java:319)\n\tat org.openqa.selenium.support.ui.ExpectedConditions$7.apply(ExpectedConditions.java:205)\n\tat org.openqa.selenium.support.ui.ExpectedConditions$7.apply(ExpectedConditions.java:201)\n\tat org.openqa.selenium.support.ui.ExpectedConditions$22.apply(ExpectedConditions.java:641)\n\tat org.openqa.selenium.support.ui.ExpectedConditions$22.apply(ExpectedConditions.java:638)\n\tat org.openqa.selenium.support.ui.FluentWait.until(FluentWait.java:211)\n\t... 65 more\n",
  "flaky" : false,
  "newFailed" : false,
  "beforeStages" : [ {
    "name" : "Setup",
    "time" : {
      "start" : 1629216147618,
      "stop" : 1629216152586,
      "duration" : 4968
    },
    "status" : "passed",
    "steps" : [ ],
    "attachments" : [ ],
    "parameters" : [ ],
    "stepsCount" : 0,
    "attachmentsCount" : 0,
    "shouldDisplayMessage" : false,
    "hasContent" : false
  } ],
  "afterStages" : [ {
    "name" : "quit",
    "time" : {
      "start" : 1629216172620,
      "stop" : 1629216172685,
      "duration" : 65
    },
    "status" : "passed",
    "steps" : [ ],
    "attachments" : [ ],
    "parameters" : [ ],
    "stepsCount" : 0,
    "attachmentsCount" : 0,
    "shouldDisplayMessage" : false,
    "hasContent" : false
  } ],
  "labels" : [ {
    "name" : "host",
    "value" : "fv-az82-699"
  }, {
    "name" : "thread",
    "value" : "4610@fv-az82-699.ForkJoinPool-1-worker-3(16)"
  }, {
    "name" : "framework",
    "value" : "junit-platform"
  }, {
    "name" : "language",
    "value" : "java"
  }, {
    "name" : "package",
    "value" : "login.LoginTest"
  }, {
    "name" : "testClass",
    "value" : "login.LoginTest"
  }, {
    "name" : "testMethod",
    "value" : "successLogin"
  }, {
    "name" : "suite",
    "value" : "login.LoginTest"
  }, {
    "name" : "resultFormat",
    "value" : "allure2"
  } ],
  "parameters" : [ ],
  "links" : [ ],
  "hidden" : false,
  "retry" : false,
  "extra" : {
    "severity" : "normal",
    "retries" : [ ],
    "categories" : [ {
      "name" : "Test defects",
      "matchedStatuses" : [ ],
      "flaky" : false
    } ],
    "history" : {
      "statistic" : {
        "failed" : 0,
        "broken" : 6,
        "skipped" : 0,
        "passed" : 19,
        "unknown" : 0,
        "total" : 25
      },
      "items" : [ {
        "uid" : "d8c6cebf2762c5b8",
        "reportUrl" : "https://Szalma.github.io/vizsgaremek/14//#testresult/d8c6cebf2762c5b8",
        "status" : "passed",
        "time" : {
          "start" : 1629215796997,
          "stop" : 1629215833023,
          "duration" : 36026
        }
      }, {
        "uid" : "9970ab3703098432",
        "reportUrl" : "https://Szalma.github.io/vizsgaremek/7//#testresult/9970ab3703098432",
        "status" : "broken",
        "statusDetails" : "Expected condition failed: waiting for element to be clickable: By.xpath: //*[@id=\"header\"]/div[2]/div/div/nav/div[1]/a (tried for 10 second(s) with 500 milliseconds interval)",
        "time" : {
          "start" : 1629215781048,
          "stop" : 1629215806251,
          "duration" : 25203
        }
      }, {
        "uid" : "69990c58abb4039",
        "reportUrl" : "https://Szalma.github.io/vizsgaremek/15//#testresult/69990c58abb4039",
        "status" : "broken",
        "statusDetails" : "Expected condition failed: waiting for element to be clickable: By.xpath: //*[@id=\"header\"]/div[2]/div/div/nav/div[1]/a (tried for 10 second(s) with 500 milliseconds interval)",
        "time" : {
          "start" : 1629215761413,
          "stop" : 1629215781917,
          "duration" : 20504
        }
      }, {
        "uid" : "6a3c9ee3a433eedf",
        "reportUrl" : "https://Szalma.github.io/vizsgaremek/11//#testresult/6a3c9ee3a433eedf",
        "status" : "passed",
        "time" : {
          "start" : 1629204450319,
          "stop" : 1629204485033,
          "duration" : 34714
        }
      }, {
        "uid" : "4279421612e7f678",
        "reportUrl" : "https://Szalma.github.io/vizsgaremek/9//#testresult/4279421612e7f678",
        "status" : "passed",
        "time" : {
          "start" : 1629204387014,
          "stop" : 1629204411408,
          "duration" : 24394
        }
      }, {
        "uid" : "e403eb1a935d4316",
        "reportUrl" : "https://Szalma.github.io/vizsgaremek/13//#testresult/e403eb1a935d4316",
        "status" : "passed",
        "time" : {
          "start" : 1629204156847,
          "stop" : 1629204188852,
          "duration" : 32005
        }
      }, {
        "uid" : "ccfdbd9b2b12f63b",
        "reportUrl" : "https://Szalma.github.io/vizsgaremek/6//#testresult/ccfdbd9b2b12f63b",
        "status" : "broken",
        "statusDetails" : "no such element: Unable to locate element: {\"method\":\"xpath\",\"selector\":\"//*[@id=\"header\"]/div[2]/div/div/nav/div[1]/a/span\"}\n  (Session info: headless chrome=92.0.4515.131)\nFor documentation on this error, please visit: https://www.seleniumhq.org/exceptions/no_such_element.html\nBuild info: version: '4.0.0-alpha-2', revision: 'f148142cf8', time: '2019-07-01T20:55:26'\nSystem info: host: 'fv-az39-548', ip: '10.1.1.54', os.name: 'Linux', os.arch: 'amd64', os.version: '5.8.0-1039-azure', java.version: '1.8.0_302'\nDriver info: org.openqa.selenium.chrome.ChromeDriver\nCapabilities {acceptInsecureCerts: false, browserName: chrome, browserVersion: 92.0.4515.131, chrome: {chromedriverVersion: 92.0.4515.107 (87a818b10553..., userDataDir: /tmp/.com.google.Chrome.1MhiYp}, goog:chromeOptions: {debuggerAddress: localhost:36147}, javascriptEnabled: true, networkConnectionEnabled: false, pageLoadStrategy: normal, platform: LINUX, platformName: LINUX, proxy: Proxy(), setWindowRect: true, strictFileInteractability: false, timeouts: {implicit: 0, pageLoad: 300000, script: 30000}, unhandledPromptBehavior: dismiss and notify, webauthn:extension:credBlob: true, webauthn:extension:largeBlob: true, webauthn:virtualAuthenticators: true}\nSession ID: 6dcb7d5e2d802e8274d8fa9b948d7496\n*** Element info: {Using=xpath, value=//*[@id=\"header\"]/div[2]/div/div/nav/div[1]/a/span}",
        "time" : {
          "start" : 1629204140983,
          "stop" : 1629204187668,
          "duration" : 46685
        }
      }, {
        "uid" : "560285bf3a9fe1b3",
        "reportUrl" : "https://Szalma.github.io/vizsgaremek/14//#testresult/560285bf3a9fe1b3",
        "status" : "passed",
        "time" : {
          "start" : 1629204115568,
          "stop" : 1629204152518,
          "duration" : 36950
        }
      }, {
        "uid" : "ad5d0669ed2e006d",
        "reportUrl" : "https://Szalma.github.io/vizsgaremek/10//#testresult/ad5d0669ed2e006d",
        "status" : "broken",
        "statusDetails" : "unknown error: Chrome failed to start: exited abnormally.\n  (unknown error: DevToolsActivePort file doesn't exist)\n  (The process started from chrome location /usr/bin/google-chrome is no longer running, so ChromeDriver is assuming that Chrome has crashed.)\nBuild info: version: '4.0.0-alpha-2', revision: 'f148142cf8', time: '2019-07-01T20:55:26'\nSystem info: host: 'fv-az39-548', ip: '10.1.0.68', os.name: 'Linux', os.arch: 'amd64', os.version: '5.8.0-1039-azure', java.version: '16.0.2'\nDriver info: driver.version: ChromeDriver\nremote stacktrace: #0 0x5604fc890a63 <unknown>\n#1 0x5604fc605458 <unknown>\n#2 0x5604fc6282e3 <unknown>\n#3 0x5604fc623e9f <unknown>\n#4 0x5604fc65db72 <unknown>\n#5 0x5604fc657fd3 <unknown>\n#6 0x5604fc62e514 <unknown>\n#7 0x5604fc62f505 <unknown>\n#8 0x5604fc8bce2e <unknown>\n#9 0x5604fc8d2886 <unknown>\n#10 0x5604fc8bdd75 <unknown>\n#11 0x5604fc8d3d94 <unknown>\n#12 0x5604fc8b48eb <unknown>\n#13 0x5604fc8eecd8 <unknown>\n#14 0x5604fc8eee58 <unknown>\n#15 0x5604fc908dfd <unknown>\n#16 0x7f88323da609 start_thread\n",
        "time" : {
          "start" : 1629203593939,
          "stop" : 1629203594086,
          "duration" : 147
        }
      }, {
        "uid" : "14699ef342c3486f",
        "reportUrl" : "https://Szalma.github.io/vizsgaremek/12//#testresult/14699ef342c3486f",
        "status" : "broken",
        "statusDetails" : "unknown error: Chrome failed to start: exited abnormally.\n  (unknown error: DevToolsActivePort file doesn't exist)\n  (The process started from chrome location /usr/bin/google-chrome is no longer running, so ChromeDriver is assuming that Chrome has crashed.)\nBuild info: version: '4.0.0-alpha-2', revision: 'f148142cf8', time: '2019-07-01T20:55:26'\nSystem info: host: 'fv-az83-229', ip: '10.1.0.111', os.name: 'Linux', os.arch: 'amd64', os.version: '5.8.0-1039-azure', java.version: '1.8.0_302'\nDriver info: driver.version: ChromeDriver\nremote stacktrace: #0 0x562e347d1a63 <unknown>\n#1 0x562e34546458 <unknown>\n#2 0x562e345692e3 <unknown>\n#3 0x562e34564e9f <unknown>\n#4 0x562e3459eb72 <unknown>\n#5 0x562e34598fd3 <unknown>\n#6 0x562e3456f514 <unknown>\n#7 0x562e34570505 <unknown>\n#8 0x562e347fde2e <unknown>\n#9 0x562e34813886 <unknown>\n#10 0x562e347fed75 <unknown>\n#11 0x562e34814d94 <unknown>\n#12 0x562e347f58eb <unknown>\n#13 0x562e3482fcd8 <unknown>\n#14 0x562e3482fe58 <unknown>\n#15 0x562e34849dfd <unknown>\n#16 0x7f3b44b59609 start_thread\n",
        "time" : {
          "start" : 1629203577061,
          "stop" : 1629203577209,
          "duration" : 148
        }
      }, {
        "uid" : "8c4f7dad6d4d5143",
        "reportUrl" : "https://Szalma.github.io/vizsgaremek/7//#testresult/8c4f7dad6d4d5143",
        "status" : "passed",
        "time" : {
          "start" : 1628446256318,
          "stop" : 1628446261155,
          "duration" : 4837
        }
      }, {
        "uid" : "dc724a6e183def23",
        "reportUrl" : "https://Szalma.github.io/vizsgaremek/9//#testresult/dc724a6e183def23",
        "status" : "passed",
        "time" : {
          "start" : 1628446247162,
          "stop" : 1628446253184,
          "duration" : 6022
        }
      }, {
        "uid" : "c9f7163b8d73c0a6",
        "reportUrl" : "https://Szalma.github.io/vizsgaremek/11//#testresult/c9f7163b8d73c0a6",
        "status" : "passed",
        "time" : {
          "start" : 1628446100683,
          "stop" : 1628446113009,
          "duration" : 12326
        }
      }, {
        "uid" : "c34f64ad402ff94c",
        "reportUrl" : "https://Szalma.github.io/vizsgaremek/12//#testresult/c34f64ad402ff94c",
        "status" : "passed",
        "time" : {
          "start" : 1628446063137,
          "stop" : 1628446069783,
          "duration" : 6646
        }
      }, {
        "uid" : "c80fa4e12da3dc9a",
        "reportUrl" : "https://Szalma.github.io/vizsgaremek/8//#testresult/c80fa4e12da3dc9a",
        "status" : "passed",
        "time" : {
          "start" : 1628423117173,
          "stop" : 1628423123322,
          "duration" : 6149
        }
      }, {
        "uid" : "3aed5964937298f3",
        "reportUrl" : "https://Szalma.github.io/vizsgaremek/6//#testresult/3aed5964937298f3",
        "status" : "passed",
        "time" : {
          "start" : 1628423103813,
          "stop" : 1628423108498,
          "duration" : 4685
        }
      }, {
        "uid" : "8c1290f07eafc61d",
        "reportUrl" : "https://Szalma.github.io/vizsgaremek/3//#testresult/8c1290f07eafc61d",
        "status" : "passed",
        "time" : {
          "start" : 1628422919630,
          "stop" : 1628422930298,
          "duration" : 10668
        }
      }, {
        "uid" : "e4aaa55f8a91b434",
        "reportUrl" : "https://Szalma.github.io/vizsgaremek/10//#testresult/e4aaa55f8a91b434",
        "status" : "passed",
        "time" : {
          "start" : 1628422906792,
          "stop" : 1628422912642,
          "duration" : 5850
        }
      }, {
        "uid" : "ef09497027789dff",
        "reportUrl" : "https://Szalma.github.io/vizsgaremek/11//#testresult/ef09497027789dff",
        "status" : "passed",
        "time" : {
          "start" : 1628422891399,
          "stop" : 1628422901463,
          "duration" : 10064
        }
      }, {
        "uid" : "65ea133d426847e4",
        "reportUrl" : "https://Szalma.github.io/vizsgaremek/7//#testresult/65ea133d426847e4",
        "status" : "passed",
        "time" : {
          "start" : 1628420605427,
          "stop" : 1628420622094,
          "duration" : 16667
        }
      } ]
    },
    "tags" : [ ]
  },
  "source" : "b454a3aef59b2276.json",
  "parameterValues" : [ ]
}