{
  "uid" : "4329fb7b1f16c790",
  "name" : "Tc6, Adat törlése",
  "fullName" : "newdatainput.NewDataInputTest.delete",
  "historyId" : "8afc4a90038acf70bc20827c2141baa1",
  "time" : {
    "start" : 1629380396169,
    "stop" : 1629380457644,
    "duration" : 61475
  },
  "description" : "",
  "status" : "broken",
  "statusMessage" : "Expected condition failed: waiting for element to be clickable: By.xpath: //*[@class='last_item alternate_item box']/li[9]/a[2]/span (tried for 10 second(s) with 500 milliseconds interval)",
  "statusTrace" : "org.openqa.selenium.TimeoutException: Expected condition failed: waiting for element to be clickable: By.xpath: //*[@class='last_item alternate_item box']/li[9]/a[2]/span (tried for 10 second(s) with 500 milliseconds interval)\n\tat org.openqa.selenium.support.ui.WebDriverWait.timeoutException(WebDriverWait.java:95)\n\tat org.openqa.selenium.support.ui.FluentWait.until(FluentWait.java:272)\n\tat vizsgaremek.AddressPage.clickdelete(AddressPage.java:75)\n\tat newdatainput.NewDataInputTest.delete(NewDataInputTest.java:53)\n\tat java.base/jdk.internal.reflect.NativeMethodAccessorImpl.invoke0(Native Method)\n\tat java.base/jdk.internal.reflect.NativeMethodAccessorImpl.invoke(NativeMethodAccessorImpl.java:78)\n\tat java.base/jdk.internal.reflect.DelegatingMethodAccessorImpl.invoke(DelegatingMethodAccessorImpl.java:43)\n\tat java.base/java.lang.reflect.Method.invoke(Method.java:567)\n\tat org.junit.platform.commons.util.ReflectionUtils.invokeMethod(ReflectionUtils.java:688)\n\tat org.junit.jupiter.engine.execution.MethodInvocation.proceed(MethodInvocation.java:60)\n\tat org.junit.jupiter.engine.execution.InvocationInterceptorChain$ValidatingInvocation.proceed(InvocationInterceptorChain.java:131)\n\tat org.junit.jupiter.api.extension.InvocationInterceptor.interceptTestMethod(InvocationInterceptor.java:117)\n\tat org.junit.jupiter.engine.execution.ExecutableInvoker$ReflectiveInterceptorCall.lambda$ofVoidMethod$0(ExecutableInvoker.java:115)\n\tat org.junit.jupiter.engine.execution.ExecutableInvoker.lambda$invoke$0(ExecutableInvoker.java:105)\n\tat org.junit.jupiter.engine.execution.InvocationInterceptorChain$InterceptedInvocation.proceed(InvocationInterceptorChain.java:106)\n\tat org.junit.jupiter.engine.extension.TimeoutExtension.intercept(TimeoutExtension.java:149)\n\tat org.junit.jupiter.engine.extension.TimeoutExtension.interceptTestableMethod(TimeoutExtension.java:140)\n\tat org.junit.jupiter.engine.extension.TimeoutExtension.interceptTestMethod(TimeoutExtension.java:84)\n\tat org.junit.jupiter.engine.execution.ExecutableInvoker$ReflectiveInterceptorCall.lambda$ofVoidMethod$0(ExecutableInvoker.java:115)\n\tat org.junit.jupiter.engine.execution.ExecutableInvoker.lambda$invoke$0(ExecutableInvoker.java:105)\n\tat org.junit.jupiter.engine.execution.InvocationInterceptorChain$InterceptedInvocation.proceed(InvocationInterceptorChain.java:106)\n\tat org.junit.jupiter.engine.execution.InvocationInterceptorChain.proceed(InvocationInterceptorChain.java:64)\n\tat org.junit.jupiter.engine.execution.InvocationInterceptorChain.chainAndInvoke(InvocationInterceptorChain.java:45)\n\tat org.junit.jupiter.engine.execution.InvocationInterceptorChain.invoke(InvocationInterceptorChain.java:37)\n\tat org.junit.jupiter.engine.execution.ExecutableInvoker.invoke(ExecutableInvoker.java:104)\n\tat org.junit.jupiter.engine.execution.ExecutableInvoker.invoke(ExecutableInvoker.java:98)\n\tat org.junit.jupiter.engine.descriptor.TestMethodTestDescriptor.lambda$invokeTestMethod$6(TestMethodTestDescriptor.java:210)\n\tat org.junit.platform.engine.support.hierarchical.ThrowableCollector.execute(ThrowableCollector.java:73)\n\tat org.junit.jupiter.engine.descriptor.TestMethodTestDescriptor.invokeTestMethod(TestMethodTestDescriptor.java:206)\n\tat org.junit.jupiter.engine.descriptor.TestMethodTestDescriptor.execute(TestMethodTestDescriptor.java:131)\n\tat org.junit.jupiter.engine.descriptor.TestMethodTestDescriptor.execute(TestMethodTestDescriptor.java:65)\n\tat org.junit.platform.engine.support.hierarchical.NodeTestTask.lambda$executeRecursively$5(NodeTestTask.java:139)\n\tat org.junit.platform.engine.support.hierarchical.ThrowableCollector.execute(ThrowableCollector.java:73)\n\tat org.junit.platform.engine.support.hierarchical.NodeTestTask.lambda$executeRecursively$7(NodeTestTask.java:129)\n\tat org.junit.platform.engine.support.hierarchical.Node.around(Node.java:137)\n\tat org.junit.platform.engine.support.hierarchical.NodeTestTask.lambda$executeRecursively$8(NodeTestTask.java:127)\n\tat org.junit.platform.engine.support.hierarchical.ThrowableCollector.execute(ThrowableCollector.java:73)\n\tat org.junit.platform.engine.support.hierarchical.NodeTestTask.executeRecursively(NodeTestTask.java:126)\n\tat org.junit.platform.engine.support.hierarchical.NodeTestTask.execute(NodeTestTask.java:84)\n\tat org.junit.platform.engine.support.hierarchical.ForkJoinPoolHierarchicalTestExecutorService$ExclusiveTask.compute(ForkJoinPoolHierarchicalTestExecutorService.java:185)\n\tat org.junit.platform.engine.support.hierarchical.ForkJoinPoolHierarchicalTestExecutorService.executeNonConcurrentTasks(ForkJoinPoolHierarchicalTestExecutorService.java:155)\n\tat org.junit.platform.engine.support.hierarchical.ForkJoinPoolHierarchicalTestExecutorService.invokeAll(ForkJoinPoolHierarchicalTestExecutorService.java:135)\n\tat org.junit.platform.engine.support.hierarchical.NodeTestTask.lambda$executeRecursively$5(NodeTestTask.java:143)\n\tat org.junit.platform.engine.support.hierarchical.ThrowableCollector.execute(ThrowableCollector.java:73)\n\tat org.junit.platform.engine.support.hierarchical.NodeTestTask.lambda$executeRecursively$7(NodeTestTask.java:129)\n\tat org.junit.platform.engine.support.hierarchical.Node.around(Node.java:137)\n\tat org.junit.platform.engine.support.hierarchical.NodeTestTask.lambda$executeRecursively$8(NodeTestTask.java:127)\n\tat org.junit.platform.engine.support.hierarchical.ThrowableCollector.execute(ThrowableCollector.java:73)\n\tat org.junit.platform.engine.support.hierarchical.NodeTestTask.executeRecursively(NodeTestTask.java:126)\n\tat org.junit.platform.engine.support.hierarchical.NodeTestTask.execute(NodeTestTask.java:84)\n\tat org.junit.platform.engine.support.hierarchical.ForkJoinPoolHierarchicalTestExecutorService$ExclusiveTask.compute(ForkJoinPoolHierarchicalTestExecutorService.java:185)\n\tat org.junit.platform.engine.support.hierarchical.ForkJoinPoolHierarchicalTestExecutorService.executeNonConcurrentTasks(ForkJoinPoolHierarchicalTestExecutorService.java:155)\n\tat org.junit.platform.engine.support.hierarchical.ForkJoinPoolHierarchicalTestExecutorService.invokeAll(ForkJoinPoolHierarchicalTestExecutorService.java:135)\n\tat org.junit.platform.engine.support.hierarchical.NodeTestTask.lambda$executeRecursively$5(NodeTestTask.java:143)\n\tat org.junit.platform.engine.support.hierarchical.ThrowableCollector.execute(ThrowableCollector.java:73)\n\tat org.junit.platform.engine.support.hierarchical.NodeTestTask.lambda$executeRecursively$7(NodeTestTask.java:129)\n\tat org.junit.platform.engine.support.hierarchical.Node.around(Node.java:137)\n\tat org.junit.platform.engine.support.hierarchical.NodeTestTask.lambda$executeRecursively$8(NodeTestTask.java:127)\n\tat org.junit.platform.engine.support.hierarchical.ThrowableCollector.execute(ThrowableCollector.java:73)\n\tat org.junit.platform.engine.support.hierarchical.NodeTestTask.executeRecursively(NodeTestTask.java:126)\n\tat org.junit.platform.engine.support.hierarchical.NodeTestTask.execute(NodeTestTask.java:84)\n\tat org.junit.platform.engine.support.hierarchical.ForkJoinPoolHierarchicalTestExecutorService$ExclusiveTask.compute(ForkJoinPoolHierarchicalTestExecutorService.java:185)\n\tat java.base/java.util.concurrent.RecursiveAction.exec(RecursiveAction.java:194)\n\tat java.base/java.util.concurrent.ForkJoinTask.doExec(ForkJoinTask.java:295)\n\tat java.base/java.util.concurrent.ForkJoinPool$WorkQueue.topLevelExec(ForkJoinPool.java:1016)\n\tat java.base/java.util.concurrent.ForkJoinPool.scan(ForkJoinPool.java:1665)\n\tat java.base/java.util.concurrent.ForkJoinPool.runWorker(ForkJoinPool.java:1598)\n\tat java.base/java.util.concurrent.ForkJoinWorkerThread.run(ForkJoinWorkerThread.java:183)\nCaused by: org.openqa.selenium.NoSuchElementException: no such element: Unable to locate element: {\"method\":\"xpath\",\"selector\":\"//*[@class='last_item alternate_item box']/li[9]/a[2]/span\"}\n  (Session info: headless chrome=92.0.4515.131)\nFor documentation on this error, please visit: https://www.seleniumhq.org/exceptions/no_such_element.html\nBuild info: version: '3.141.59', revision: 'e82be7d358', time: '2018-11-14T08:17:03'\nSystem info: host: 'fv-az72-989', ip: '10.1.0.19', os.name: 'Linux', os.arch: 'amd64', os.version: '5.8.0-1039-azure', java.version: '16.0.2'\nDriver info: org.openqa.selenium.chrome.ChromeDriver\nCapabilities {acceptInsecureCerts: false, browserName: chrome, browserVersion: 92.0.4515.131, chrome: {chromedriverVersion: 92.0.4515.107 (87a818b10553..., userDataDir: /tmp/.com.google.Chrome.ysuEjM}, goog:chromeOptions: {debuggerAddress: localhost:45853}, javascriptEnabled: true, networkConnectionEnabled: false, pageLoadStrategy: normal, platform: LINUX, platformName: LINUX, proxy: Proxy(), setWindowRect: true, strictFileInteractability: false, timeouts: {implicit: 0, pageLoad: 300000, script: 30000}, unhandledPromptBehavior: dismiss and notify, webauthn:extension:credBlob: true, webauthn:extension:largeBlob: true, webauthn:virtualAuthenticators: true}\nSession ID: e95168edc778714cfb996689fb8bea61\n*** Element info: {Using=xpath, value=//*[@class='last_item alternate_item box']/li[9]/a[2]/span}\n\tat java.base/jdk.internal.reflect.NativeConstructorAccessorImpl.newInstance0(Native Method)\n\tat java.base/jdk.internal.reflect.NativeConstructorAccessorImpl.newInstance(NativeConstructorAccessorImpl.java:78)\n\tat java.base/jdk.internal.reflect.DelegatingConstructorAccessorImpl.newInstance(DelegatingConstructorAccessorImpl.java:45)\n\tat java.base/java.lang.reflect.Constructor.newInstanceWithCaller(Constructor.java:499)\n\tat java.base/java.lang.reflect.Constructor.newInstance(Constructor.java:480)\n\tat org.openqa.selenium.remote.http.W3CHttpResponseCodec.createException(W3CHttpResponseCodec.java:187)\n\tat org.openqa.selenium.remote.http.W3CHttpResponseCodec.decode(W3CHttpResponseCodec.java:122)\n\tat org.openqa.selenium.remote.http.W3CHttpResponseCodec.decode(W3CHttpResponseCodec.java:49)\n\tat org.openqa.selenium.remote.HttpCommandExecutor.execute(HttpCommandExecutor.java:158)\n\tat org.openqa.selenium.remote.service.DriverCommandExecutor.execute(DriverCommandExecutor.java:83)\n\tat org.openqa.selenium.remote.RemoteWebDriver.execute(RemoteWebDriver.java:552)\n\tat org.openqa.selenium.remote.RemoteWebDriver.findElement(RemoteWebDriver.java:323)\n\tat org.openqa.selenium.remote.RemoteWebDriver.findElementByXPath(RemoteWebDriver.java:428)\n\tat org.openqa.selenium.By$ByXPath.findElement(By.java:353)\n\tat org.openqa.selenium.remote.RemoteWebDriver.findElement(RemoteWebDriver.java:315)\n\tat org.openqa.selenium.support.ui.ExpectedConditions$7.apply(ExpectedConditions.java:205)\n\tat org.openqa.selenium.support.ui.ExpectedConditions$7.apply(ExpectedConditions.java:201)\n\tat org.openqa.selenium.support.ui.ExpectedConditions$22.apply(ExpectedConditions.java:641)\n\tat org.openqa.selenium.support.ui.ExpectedConditions$22.apply(ExpectedConditions.java:638)\n\tat org.openqa.selenium.support.ui.FluentWait.until(FluentWait.java:249)\n\t... 66 more\n",
  "flaky" : false,
  "newFailed" : false,
  "beforeStages" : [ {
    "name" : "Setup",
    "time" : {
      "start" : 1629380396169,
      "stop" : 1629380406702,
      "duration" : 10533
    },
    "status" : "passed",
    "steps" : [ ],
    "attachments" : [ ],
    "parameters" : [ ],
    "stepsCount" : 0,
    "attachmentsCount" : 0,
    "shouldDisplayMessage" : false,
    "hasContent" : false
  } ],
  "afterStages" : [ {
    "name" : "quit",
    "time" : {
      "start" : 1629380457568,
      "stop" : 1629380457643,
      "duration" : 75
    },
    "status" : "passed",
    "steps" : [ ],
    "attachments" : [ ],
    "parameters" : [ ],
    "stepsCount" : 0,
    "attachmentsCount" : 0,
    "shouldDisplayMessage" : false,
    "hasContent" : false
  } ],
  "labels" : [ {
    "name" : "host",
    "value" : "fv-az72-989"
  }, {
    "name" : "thread",
    "value" : "4821@fv-az72-989.ForkJoinPool-1-worker-3(16)"
  }, {
    "name" : "framework",
    "value" : "junit-platform"
  }, {
    "name" : "language",
    "value" : "java"
  }, {
    "name" : "package",
    "value" : "newdatainput.NewDataInputTest"
  }, {
    "name" : "testClass",
    "value" : "newdatainput.NewDataInputTest"
  }, {
    "name" : "testMethod",
    "value" : "delete"
  }, {
    "name" : "suite",
    "value" : "newdatainput.NewDataInputTest"
  }, {
    "name" : "resultFormat",
    "value" : "allure2"
  } ],
  "parameters" : [ ],
  "links" : [ ],
  "hidden" : false,
  "retry" : false,
  "extra" : {
    "severity" : "normal",
    "retries" : [ ],
    "categories" : [ {
      "name" : "Test defects",
      "matchedStatuses" : [ ],
      "flaky" : false
    } ],
    "history" : {
      "statistic" : {
        "failed" : 0,
        "broken" : 56,
        "skipped" : 0,
        "passed" : 23,
        "unknown" : 0,
        "total" : 79
      },
      "items" : [ {
        "uid" : "98e5f9aa3ab0ed74",
        "reportUrl" : "https://Szalma.github.io/vizsgaremek/27//#testresult/98e5f9aa3ab0ed74",
        "status" : "broken",
        "statusDetails" : "Expected condition failed: waiting for element to be clickable: By.xpath: //*[@id=\"header\"]/div[2]/div/div/nav/div[1]/a (tried for 10 second(s) with 500 milliseconds interval)",
        "time" : {
          "start" : 1629380373299,
          "stop" : 1629380398186,
          "duration" : 24887
        }
      }, {
        "uid" : "b9eb700b1e96fab6",
        "reportUrl" : "https://Szalma.github.io/vizsgaremek/29//#testresult/b9eb700b1e96fab6",
        "status" : "broken",
        "statusDetails" : "Expected condition failed: waiting for element to be clickable: By.xpath: //*[@id=\"header\"]/div[2]/div/div/nav/div[1]/a (tried for 10 second(s) with 500 milliseconds interval)",
        "time" : {
          "start" : 1629380014932,
          "stop" : 1629380035372,
          "duration" : 20440
        }
      }, {
        "uid" : "5e40f87a66b562e8",
        "reportUrl" : "https://Szalma.github.io/vizsgaremek/30//#testresult/5e40f87a66b562e8",
        "status" : "broken",
        "statusDetails" : "Expected condition failed: waiting for element to be clickable: By.xpath: //*[@id=\"header\"]/div[2]/div/div/nav/div[1]/a (tried for 10 second(s) with 500 milliseconds interval)",
        "time" : {
          "start" : 1629379989522,
          "stop" : 1629380014720,
          "duration" : 25198
        }
      }, {
        "uid" : "f238cda997c545ef",
        "reportUrl" : "https://Szalma.github.io/vizsgaremek/24//#testresult/f238cda997c545ef",
        "status" : "passed",
        "time" : {
          "start" : 1629379420581,
          "stop" : 1629379461653,
          "duration" : 41072
        }
      }, {
        "uid" : "28e037da45866793",
        "reportUrl" : "https://Szalma.github.io/vizsgaremek/26//#testresult/28e037da45866793",
        "status" : "broken",
        "statusDetails" : "Expected condition failed: waiting for element to be clickable: By.xpath: //*[@class='last_item alternate_item box']/li[9]/a[2]/span (tried for 10 second(s) with 500 milliseconds interval)",
        "time" : {
          "start" : 1629379275313,
          "stop" : 1629379334370,
          "duration" : 59057
        }
      }, {
        "uid" : "7b49eaa9bb653404",
        "reportUrl" : "https://Szalma.github.io/vizsgaremek/29//#testresult/7b49eaa9bb653404",
        "status" : "passed",
        "time" : {
          "start" : 1629379062980,
          "stop" : 1629379116868,
          "duration" : 53888
        }
      }, {
        "uid" : "b9c735eac5299fa8",
        "reportUrl" : "https://Szalma.github.io/vizsgaremek/28//#testresult/b9c735eac5299fa8",
        "status" : "broken",
        "statusDetails" : "no such element: Unable to locate element: {\"method\":\"css selector\",\"selector\":\"#email\"}\n  (Session info: headless chrome=92.0.4515.131)\nFor documentation on this error, please visit: https://www.seleniumhq.org/exceptions/no_such_element.html\nBuild info: version: '4.0.0-alpha-2', revision: 'f148142cf8', time: '2019-07-01T20:55:26'\nSystem info: host: 'fv-az47-368', ip: '10.1.1.98', os.name: 'Linux', os.arch: 'amd64', os.version: '5.8.0-1039-azure', java.version: '1.8.0_302'\nDriver info: org.openqa.selenium.chrome.ChromeDriver\nCapabilities {acceptInsecureCerts: false, browserName: chrome, browserVersion: 92.0.4515.131, chrome: {chromedriverVersion: 92.0.4515.107 (87a818b10553..., userDataDir: /tmp/.com.google.Chrome.wbgP1P}, goog:chromeOptions: {debuggerAddress: localhost:38111}, javascriptEnabled: true, networkConnectionEnabled: false, pageLoadStrategy: normal, platform: LINUX, platformName: LINUX, proxy: Proxy(), setWindowRect: true, strictFileInteractability: false, timeouts: {implicit: 0, pageLoad: 300000, script: 30000}, unhandledPromptBehavior: dismiss and notify, webauthn:extension:credBlob: true, webauthn:extension:largeBlob: true, webauthn:virtualAuthenticators: true}\nSession ID: d7f7d78bcf28f0bcf7b24790c31d5a81\n*** Element info: {Using=id, value=email}",
        "time" : {
          "start" : 1629379030483,
          "stop" : 1629379062893,
          "duration" : 32410
        }
      }, {
        "uid" : "53188b56d77c1617",
        "reportUrl" : "https://Szalma.github.io/vizsgaremek/21//#testresult/53188b56d77c1617",
        "status" : "broken",
        "statusDetails" : "Expected condition failed: waiting for element to be clickable: By.xpath: //*[@id=\"header\"]/div[2]/div/div/nav/div[1]/a (tried for 10 second(s) with 500 milliseconds interval)",
        "time" : {
          "start" : 1629379015006,
          "stop" : 1629379035462,
          "duration" : 20456
        }
      }, {
        "uid" : "6b14a196c3d78ccc",
        "reportUrl" : "https://Szalma.github.io/vizsgaremek/25//#testresult/6b14a196c3d78ccc",
        "status" : "passed",
        "time" : {
          "start" : 1629358352746,
          "stop" : 1629358396538,
          "duration" : 43792
        }
      }, {
        "uid" : "c2a25d8b0e182358",
        "reportUrl" : "https://Szalma.github.io/vizsgaremek/27//#testresult/c2a25d8b0e182358",
        "status" : "broken",
        "statusDetails" : "Expected condition failed: waiting for element to be clickable: By.xpath: //*[@id=\"header\"]/div[2]/div/div/nav/div[1]/a (tried for 10 second(s) with 500 milliseconds interval)",
        "time" : {
          "start" : 1629358013982,
          "stop" : 1629358034469,
          "duration" : 20487
        }
      }, {
        "uid" : "f624edeca338a4ec",
        "reportUrl" : "https://Szalma.github.io/vizsgaremek/20//#testresult/f624edeca338a4ec",
        "status" : "broken",
        "statusDetails" : "Expected condition failed: waiting for element to be clickable: By.xpath: //*[@id=\"header\"]/div[2]/div/div/nav/div[1]/a (tried for 10 second(s) with 500 milliseconds interval)",
        "time" : {
          "start" : 1629357954770,
          "stop" : 1629357980033,
          "duration" : 25263
        }
      }, {
        "uid" : "667b1cf7558e7c9f",
        "reportUrl" : "https://Szalma.github.io/vizsgaremek/28//#testresult/667b1cf7558e7c9f",
        "status" : "broken",
        "statusDetails" : "no such element: Unable to locate element: {\"method\":\"xpath\",\"selector\":\"//*[@id=\"center_column\"]/div/div[1]/ul/li[3]/a/span\"}\n  (Session info: headless chrome=92.0.4515.131)\nFor documentation on this error, please visit: https://www.seleniumhq.org/exceptions/no_such_element.html\nBuild info: version: '4.0.0-alpha-2', revision: 'f148142cf8', time: '2019-07-01T20:55:26'\nSystem info: host: 'fv-az47-628', ip: '10.1.0.101', os.name: 'Linux', os.arch: 'amd64', os.version: '5.8.0-1039-azure', java.version: '1.8.0_302'\nDriver info: org.openqa.selenium.chrome.ChromeDriver\nCapabilities {acceptInsecureCerts: false, browserName: chrome, browserVersion: 92.0.4515.131, chrome: {chromedriverVersion: 92.0.4515.107 (87a818b10553..., userDataDir: /tmp/.com.google.Chrome.OV28I8}, goog:chromeOptions: {debuggerAddress: localhost:33349}, javascriptEnabled: true, networkConnectionEnabled: false, pageLoadStrategy: normal, platform: LINUX, platformName: LINUX, proxy: Proxy(), setWindowRect: true, strictFileInteractability: false, timeouts: {implicit: 0, pageLoad: 300000, script: 30000}, unhandledPromptBehavior: dismiss and notify, webauthn:extension:credBlob: true, webauthn:extension:largeBlob: true, webauthn:virtualAuthenticators: true}\nSession ID: 97769b96a76bb307f4cfbd77e6eb5001\n*** Element info: {Using=xpath, value=//*[@id=\"center_column\"]/div/div[1]/ul/li[3]/a/span}",
        "time" : {
          "start" : 1629357933325,
          "stop" : 1629357980201,
          "duration" : 46876
        }
      }, {
        "uid" : "2698e6ae077daaed",
        "reportUrl" : "https://Szalma.github.io/vizsgaremek/24//#testresult/2698e6ae077daaed",
        "status" : "broken",
        "statusDetails" : "Expected condition failed: waiting for element to be clickable: By.xpath: //*[@class='last_item alternate_item box']/li[9]/a[2]/span (tried for 10 second(s) with 500 milliseconds interval)",
        "time" : {
          "start" : 1629357307096,
          "stop" : 1629357336814,
          "duration" : 29718
        }
      }, {
        "uid" : "db0c6006cdda7298",
        "reportUrl" : "https://Szalma.github.io/vizsgaremek/22//#testresult/db0c6006cdda7298",
        "status" : "passed",
        "time" : {
          "start" : 1629357287999,
          "stop" : 1629357296790,
          "duration" : 8791
        }
      }, {
        "uid" : "c745e2f079c8eb41",
        "reportUrl" : "https://Szalma.github.io/vizsgaremek/19//#testresult/c745e2f079c8eb41",
        "status" : "broken",
        "statusDetails" : "Expected condition failed: waiting for element to be clickable: By.xpath: //*[@class='last_item alternate_item box']/li[9]/a[2]/span (tried for 10 second(s) with 500 milliseconds interval)",
        "time" : {
          "start" : 1629357130388,
          "stop" : 1629357175799,
          "duration" : 45411
        }
      }, {
        "uid" : "af5aaa7f3ccff85a",
        "reportUrl" : "https://Szalma.github.io/vizsgaremek/26//#testresult/af5aaa7f3ccff85a",
        "status" : "passed",
        "time" : {
          "start" : 1629357122873,
          "stop" : 1629357139751,
          "duration" : 16878
        }
      }, {
        "uid" : "9f8bad0dfff65f08",
        "reportUrl" : "https://Szalma.github.io/vizsgaremek/27//#testresult/9f8bad0dfff65f08",
        "status" : "passed",
        "time" : {
          "start" : 1629357096270,
          "stop" : 1629357122146,
          "duration" : 25876
        }
      }, {
        "uid" : "96efccb0b180a609",
        "reportUrl" : "https://Szalma.github.io/vizsgaremek/26//#testresult/96efccb0b180a609",
        "status" : "broken",
        "statusDetails" : "Expected condition failed: waiting for element to be clickable: By.xpath: //*[@class='last_item alternate_item box']/li[9]/a[2]/span (tried for 10 second(s) with 500 milliseconds interval)",
        "time" : {
          "start" : 1629353905224,
          "stop" : 1629353930552,
          "duration" : 25328
        }
      }, {
        "uid" : "6451e5299e2f2c32",
        "reportUrl" : "https://Szalma.github.io/vizsgaremek/23//#testresult/6451e5299e2f2c32",
        "status" : "passed",
        "time" : {
          "start" : 1629353745371,
          "stop" : 1629353751321,
          "duration" : 5950
        }
      }, {
        "uid" : "5848a29abdceec15",
        "reportUrl" : "https://Szalma.github.io/vizsgaremek/21//#testresult/5848a29abdceec15",
        "status" : "passed",
        "time" : {
          "start" : 1629353717330,
          "stop" : 1629353726010,
          "duration" : 8680
        }
      } ]
    },
    "tags" : [ ]
  },
  "source" : "4329fb7b1f16c790.json",
  "parameterValues" : [ ]
}