{
  "uid" : "25b5449a5422af9d",
  "name" : "Tc2, Bejelentkez√©s",
  "fullName" : "login.LoginTest.successLogin",
  "historyId" : "ec8b7578a520adb49c40c78d5a0be45f",
  "time" : {
    "start" : 1629379090613,
    "stop" : 1629379111059,
    "duration" : 20446
  },
  "description" : "",
  "status" : "broken",
  "statusMessage" : "Expected condition failed: waiting for element to be clickable: By.xpath: //*[@id=\"header\"]/div[2]/div/div/nav/div[1]/a (tried for 10 second(s) with 500 milliseconds interval)",
  "statusTrace" : "org.openqa.selenium.TimeoutException: Expected condition failed: waiting for element to be clickable: By.xpath: //*[@id=\"header\"]/div[2]/div/div/nav/div[1]/a (tried for 10 second(s) with 500 milliseconds interval)\n\tat org.openqa.selenium.support.ui.WebDriverWait.timeoutException(WebDriverWait.java:138)\n\tat org.openqa.selenium.support.ui.FluentWait.until(FluentWait.java:234)\n\tat vizsgaremek.LoginPage.clickLogin(LoginPage.java:23)\n\tat login.LoginTest.successLogin(LoginTest.java:17)\n\tat sun.reflect.NativeMethodAccessorImpl.invoke0(Native Method)\n\tat sun.reflect.NativeMethodAccessorImpl.invoke(NativeMethodAccessorImpl.java:62)\n\tat sun.reflect.DelegatingMethodAccessorImpl.invoke(DelegatingMethodAccessorImpl.java:43)\n\tat java.lang.reflect.Method.invoke(Method.java:498)\n\tat org.junit.platform.commons.util.ReflectionUtils.invokeMethod(ReflectionUtils.java:688)\n\tat org.junit.jupiter.engine.execution.MethodInvocation.proceed(MethodInvocation.java:60)\n\tat org.junit.jupiter.engine.execution.InvocationInterceptorChain$ValidatingInvocation.proceed(InvocationInterceptorChain.java:131)\n\tat org.junit.jupiter.api.extension.InvocationInterceptor.interceptTestMethod(InvocationInterceptor.java:117)\n\tat org.junit.jupiter.engine.execution.ExecutableInvoker$ReflectiveInterceptorCall.lambda$ofVoidMethod$0(ExecutableInvoker.java:115)\n\tat org.junit.jupiter.engine.execution.ExecutableInvoker.lambda$invoke$0(ExecutableInvoker.java:105)\n\tat org.junit.jupiter.engine.execution.InvocationInterceptorChain$InterceptedInvocation.proceed(InvocationInterceptorChain.java:106)\n\tat org.junit.jupiter.engine.extension.TimeoutExtension.intercept(TimeoutExtension.java:149)\n\tat org.junit.jupiter.engine.extension.TimeoutExtension.interceptTestableMethod(TimeoutExtension.java:140)\n\tat org.junit.jupiter.engine.extension.TimeoutExtension.interceptTestMethod(TimeoutExtension.java:84)\n\tat org.junit.jupiter.engine.execution.ExecutableInvoker$ReflectiveInterceptorCall.lambda$ofVoidMethod$0(ExecutableInvoker.java:115)\n\tat org.junit.jupiter.engine.execution.ExecutableInvoker.lambda$invoke$0(ExecutableInvoker.java:105)\n\tat org.junit.jupiter.engine.execution.InvocationInterceptorChain$InterceptedInvocation.proceed(InvocationInterceptorChain.java:106)\n\tat org.junit.jupiter.engine.execution.InvocationInterceptorChain.proceed(InvocationInterceptorChain.java:64)\n\tat org.junit.jupiter.engine.execution.InvocationInterceptorChain.chainAndInvoke(InvocationInterceptorChain.java:45)\n\tat org.junit.jupiter.engine.execution.InvocationInterceptorChain.invoke(InvocationInterceptorChain.java:37)\n\tat org.junit.jupiter.engine.execution.ExecutableInvoker.invoke(ExecutableInvoker.java:104)\n\tat org.junit.jupiter.engine.execution.ExecutableInvoker.invoke(ExecutableInvoker.java:98)\n\tat org.junit.jupiter.engine.descriptor.TestMethodTestDescriptor.lambda$invokeTestMethod$6(TestMethodTestDescriptor.java:210)\n\tat org.junit.platform.engine.support.hierarchical.ThrowableCollector.execute(ThrowableCollector.java:73)\n\tat org.junit.jupiter.engine.descriptor.TestMethodTestDescriptor.invokeTestMethod(TestMethodTestDescriptor.java:206)\n\tat org.junit.jupiter.engine.descriptor.TestMethodTestDescriptor.execute(TestMethodTestDescriptor.java:131)\n\tat org.junit.jupiter.engine.descriptor.TestMethodTestDescriptor.execute(TestMethodTestDescriptor.java:65)\n\tat org.junit.platform.engine.support.hierarchical.NodeTestTask.lambda$executeRecursively$5(NodeTestTask.java:139)\n\tat org.junit.platform.engine.support.hierarchical.ThrowableCollector.execute(ThrowableCollector.java:73)\n\tat org.junit.platform.engine.support.hierarchical.NodeTestTask.lambda$executeRecursively$7(NodeTestTask.java:129)\n\tat org.junit.platform.engine.support.hierarchical.Node.around(Node.java:137)\n\tat org.junit.platform.engine.support.hierarchical.NodeTestTask.lambda$executeRecursively$8(NodeTestTask.java:127)\n\tat org.junit.platform.engine.support.hierarchical.ThrowableCollector.execute(ThrowableCollector.java:73)\n\tat org.junit.platform.engine.support.hierarchical.NodeTestTask.executeRecursively(NodeTestTask.java:126)\n\tat org.junit.platform.engine.support.hierarchical.NodeTestTask.execute(NodeTestTask.java:84)\n\tat org.junit.platform.engine.support.hierarchical.ForkJoinPoolHierarchicalTestExecutorService$ExclusiveTask.compute(ForkJoinPoolHierarchicalTestExecutorService.java:185)\n\tat org.junit.platform.engine.support.hierarchical.ForkJoinPoolHierarchicalTestExecutorService.invokeAll(ForkJoinPoolHierarchicalTestExecutorService.java:129)\n\tat org.junit.platform.engine.support.hierarchical.NodeTestTask.lambda$executeRecursively$5(NodeTestTask.java:143)\n\tat org.junit.platform.engine.support.hierarchical.ThrowableCollector.execute(ThrowableCollector.java:73)\n\tat org.junit.platform.engine.support.hierarchical.NodeTestTask.lambda$executeRecursively$7(NodeTestTask.java:129)\n\tat org.junit.platform.engine.support.hierarchical.Node.around(Node.java:137)\n\tat org.junit.platform.engine.support.hierarchical.NodeTestTask.lambda$executeRecursively$8(NodeTestTask.java:127)\n\tat org.junit.platform.engine.support.hierarchical.ThrowableCollector.execute(ThrowableCollector.java:73)\n\tat org.junit.platform.engine.support.hierarchical.NodeTestTask.executeRecursively(NodeTestTask.java:126)\n\tat org.junit.platform.engine.support.hierarchical.NodeTestTask.execute(NodeTestTask.java:84)\n\tat org.junit.platform.engine.support.hierarchical.ForkJoinPoolHierarchicalTestExecutorService$ExclusiveTask.compute(ForkJoinPoolHierarchicalTestExecutorService.java:185)\n\tat org.junit.platform.engine.support.hierarchical.ForkJoinPoolHierarchicalTestExecutorService.executeNonConcurrentTasks(ForkJoinPoolHierarchicalTestExecutorService.java:155)\n\tat org.junit.platform.engine.support.hierarchical.ForkJoinPoolHierarchicalTestExecutorService.invokeAll(ForkJoinPoolHierarchicalTestExecutorService.java:135)\n\tat org.junit.platform.engine.support.hierarchical.NodeTestTask.lambda$executeRecursively$5(NodeTestTask.java:143)\n\tat org.junit.platform.engine.support.hierarchical.ThrowableCollector.execute(ThrowableCollector.java:73)\n\tat org.junit.platform.engine.support.hierarchical.NodeTestTask.lambda$executeRecursively$7(NodeTestTask.java:129)\n\tat org.junit.platform.engine.support.hierarchical.Node.around(Node.java:137)\n\tat org.junit.platform.engine.support.hierarchical.NodeTestTask.lambda$executeRecursively$8(NodeTestTask.java:127)\n\tat org.junit.platform.engine.support.hierarchical.ThrowableCollector.execute(ThrowableCollector.java:73)\n\tat org.junit.platform.engine.support.hierarchical.NodeTestTask.executeRecursively(NodeTestTask.java:126)\n\tat org.junit.platform.engine.support.hierarchical.NodeTestTask.execute(NodeTestTask.java:84)\n\tat org.junit.platform.engine.support.hierarchical.ForkJoinPoolHierarchicalTestExecutorService$ExclusiveTask.compute(ForkJoinPoolHierarchicalTestExecutorService.java:185)\n\tat java.util.concurrent.RecursiveAction.exec(RecursiveAction.java:189)\n\tat java.util.concurrent.ForkJoinTask.doExec(ForkJoinTask.java:289)\n\tat java.util.concurrent.ForkJoinPool$WorkQueue.runTask(ForkJoinPool.java:1056)\n\tat java.util.concurrent.ForkJoinPool.runWorker(ForkJoinPool.java:1692)\n\tat java.util.concurrent.ForkJoinWorkerThread.run(ForkJoinWorkerThread.java:175)\nCaused by: org.openqa.selenium.NoSuchElementException: no such element: Unable to locate element: {\"method\":\"xpath\",\"selector\":\"//*[@id=\"header\"]/div[2]/div/div/nav/div[1]/a\"}\n  (Session info: headless chrome=92.0.4515.131)\nFor documentation on this error, please visit: https://www.seleniumhq.org/exceptions/no_such_element.html\nBuild info: version: '4.0.0-alpha-2', revision: 'f148142cf8', time: '2019-07-01T20:55:26'\nSystem info: host: 'fv-az47-368', ip: '10.1.1.98', os.name: 'Linux', os.arch: 'amd64', os.version: '5.8.0-1039-azure', java.version: '1.8.0_302'\nDriver info: org.openqa.selenium.chrome.ChromeDriver\nCapabilities {acceptInsecureCerts: false, browserName: chrome, browserVersion: 92.0.4515.131, chrome: {chromedriverVersion: 92.0.4515.107 (87a818b10553..., userDataDir: /tmp/.com.google.Chrome.Yg6QrN}, goog:chromeOptions: {debuggerAddress: localhost:35849}, javascriptEnabled: true, networkConnectionEnabled: false, pageLoadStrategy: normal, platform: LINUX, platformName: LINUX, proxy: Proxy(), setWindowRect: true, strictFileInteractability: false, timeouts: {implicit: 0, pageLoad: 300000, script: 30000}, unhandledPromptBehavior: dismiss and notify, webauthn:extension:credBlob: true, webauthn:extension:largeBlob: true, webauthn:virtualAuthenticators: true}\nSession ID: 034663c798b64f816de3c2a909602232\n*** Element info: {Using=xpath, value=//*[@id=\"header\"]/div[2]/div/div/nav/div[1]/a}\n\tat sun.reflect.NativeConstructorAccessorImpl.newInstance0(Native Method)\n\tat sun.reflect.NativeConstructorAccessorImpl.newInstance(NativeConstructorAccessorImpl.java:62)\n\tat sun.reflect.DelegatingConstructorAccessorImpl.newInstance(DelegatingConstructorAccessorImpl.java:45)\n\tat java.lang.reflect.Constructor.newInstance(Constructor.java:423)\n\tat org.openqa.selenium.remote.codec.w3c.W3CHttpResponseCodec.createException(W3CHttpResponseCodec.java:191)\n\tat org.openqa.selenium.remote.codec.w3c.W3CHttpResponseCodec.decode(W3CHttpResponseCodec.java:125)\n\tat org.openqa.selenium.remote.codec.w3c.W3CHttpResponseCodec.decode(W3CHttpResponseCodec.java:52)\n\tat org.openqa.selenium.remote.HttpCommandExecutor.execute(HttpCommandExecutor.java:161)\n\tat org.openqa.selenium.remote.service.DriverCommandExecutor.execute(DriverCommandExecutor.java:83)\n\tat org.openqa.selenium.remote.RemoteWebDriver.execute(RemoteWebDriver.java:576)\n\tat org.openqa.selenium.remote.RemoteWebDriver.findElement(RemoteWebDriver.java:327)\n\tat org.openqa.selenium.remote.RemoteWebDriver.findElementByXPath(RemoteWebDriver.java:445)\n\tat org.openqa.selenium.By$ByXPath.findElement(By.java:353)\n\tat org.openqa.selenium.remote.RemoteWebDriver.findElement(RemoteWebDriver.java:319)\n\tat org.openqa.selenium.support.ui.ExpectedConditions$7.apply(ExpectedConditions.java:205)\n\tat org.openqa.selenium.support.ui.ExpectedConditions$7.apply(ExpectedConditions.java:201)\n\tat org.openqa.selenium.support.ui.ExpectedConditions$22.apply(ExpectedConditions.java:641)\n\tat org.openqa.selenium.support.ui.ExpectedConditions$22.apply(ExpectedConditions.java:638)\n\tat org.openqa.selenium.support.ui.FluentWait.until(FluentWait.java:211)\n\t... 64 more\n",
  "flaky" : false,
  "newFailed" : false,
  "beforeStages" : [ {
    "name" : "Setup",
    "time" : {
      "start" : 1629379090613,
      "stop" : 1629379090952,
      "duration" : 339
    },
    "status" : "passed",
    "steps" : [ ],
    "attachments" : [ ],
    "parameters" : [ ],
    "stepsCount" : 0,
    "attachmentsCount" : 0,
    "shouldDisplayMessage" : false,
    "hasContent" : false
  } ],
  "afterStages" : [ {
    "name" : "quit",
    "time" : {
      "start" : 1629379110987,
      "stop" : 1629379111058,
      "duration" : 71
    },
    "status" : "passed",
    "steps" : [ ],
    "attachments" : [ ],
    "parameters" : [ ],
    "stepsCount" : 0,
    "attachmentsCount" : 0,
    "shouldDisplayMessage" : false,
    "hasContent" : false
  } ],
  "labels" : [ {
    "name" : "host",
    "value" : "fv-az47-368"
  }, {
    "name" : "thread",
    "value" : "2836@fv-az47-368.ForkJoinPool-1-worker-1(12)"
  }, {
    "name" : "framework",
    "value" : "junit-platform"
  }, {
    "name" : "language",
    "value" : "java"
  }, {
    "name" : "package",
    "value" : "login.LoginTest"
  }, {
    "name" : "testClass",
    "value" : "login.LoginTest"
  }, {
    "name" : "testMethod",
    "value" : "successLogin"
  }, {
    "name" : "suite",
    "value" : "login.LoginTest"
  }, {
    "name" : "resultFormat",
    "value" : "allure2"
  } ],
  "parameters" : [ ],
  "links" : [ ],
  "hidden" : false,
  "retry" : false,
  "extra" : {
    "severity" : "normal",
    "retries" : [ ],
    "categories" : [ {
      "name" : "Test defects",
      "matchedStatuses" : [ ],
      "flaky" : false
    } ],
    "history" : {
      "statistic" : {
        "failed" : 0,
        "broken" : 28,
        "skipped" : 0,
        "passed" : 58,
        "unknown" : 0,
        "total" : 86
      },
      "items" : [ {
        "uid" : "abbeefc7b92b5922",
        "reportUrl" : "https://Szalma.github.io/vizsgaremek/21//#testresult/abbeefc7b92b5922",
        "status" : "passed",
        "time" : {
          "start" : 1629379063574,
          "stop" : 1629379100175,
          "duration" : 36601
        }
      }, {
        "uid" : "ce9514f71b34458c",
        "reportUrl" : "https://Szalma.github.io/vizsgaremek/25//#testresult/ce9514f71b34458c",
        "status" : "passed",
        "time" : {
          "start" : 1629358417898,
          "stop" : 1629358447180,
          "duration" : 29282
        }
      }, {
        "uid" : "71a429e867433a09",
        "reportUrl" : "https://Szalma.github.io/vizsgaremek/27//#testresult/71a429e867433a09",
        "status" : "broken",
        "statusDetails" : "Expected condition failed: waiting for element to be clickable: By.xpath: //*[@id=\"header\"]/div[2]/div/div/nav/div[1]/a (tried for 10 second(s) with 500 milliseconds interval)",
        "time" : {
          "start" : 1629358054984,
          "stop" : 1629358075473,
          "duration" : 20489
        }
      }, {
        "uid" : "19a593889c99c910",
        "reportUrl" : "https://Szalma.github.io/vizsgaremek/20//#testresult/19a593889c99c910",
        "status" : "passed",
        "time" : {
          "start" : 1629358005099,
          "stop" : 1629358039516,
          "duration" : 34417
        }
      }, {
        "uid" : "bdcfcf3952a92193",
        "reportUrl" : "https://Szalma.github.io/vizsgaremek/28//#testresult/bdcfcf3952a92193",
        "status" : "broken",
        "statusDetails" : "Expected condition failed: waiting for element to be clickable: By.xpath: //*[@id=\"header\"]/div[2]/div/div/nav/div[1]/a (tried for 10 second(s) with 500 milliseconds interval)",
        "time" : {
          "start" : 1629357910389,
          "stop" : 1629357930869,
          "duration" : 20480
        }
      }, {
        "uid" : "104785cc229cc8be",
        "reportUrl" : "https://Szalma.github.io/vizsgaremek/24//#testresult/104785cc229cc8be",
        "status" : "passed",
        "time" : {
          "start" : 1629357339673,
          "stop" : 1629357346952,
          "duration" : 7279
        }
      }, {
        "uid" : "63f25c7a825a686d",
        "reportUrl" : "https://Szalma.github.io/vizsgaremek/22//#testresult/63f25c7a825a686d",
        "status" : "passed",
        "time" : {
          "start" : 1629357300698,
          "stop" : 1629357308265,
          "duration" : 7567
        }
      }, {
        "uid" : "1a7b6c29ce97f3d6",
        "reportUrl" : "https://Szalma.github.io/vizsgaremek/19//#testresult/1a7b6c29ce97f3d6",
        "status" : "passed",
        "time" : {
          "start" : 1629357187508,
          "stop" : 1629357204273,
          "duration" : 16765
        }
      }, {
        "uid" : "e059e17ad4134d7c",
        "reportUrl" : "https://Szalma.github.io/vizsgaremek/26//#testresult/e059e17ad4134d7c",
        "status" : "passed",
        "time" : {
          "start" : 1629357156638,
          "stop" : 1629357167106,
          "duration" : 10468
        }
      }, {
        "uid" : "c89c09d0a34bdcb6",
        "reportUrl" : "https://Szalma.github.io/vizsgaremek/27//#testresult/c89c09d0a34bdcb6",
        "status" : "passed",
        "time" : {
          "start" : 1629357125426,
          "stop" : 1629357132176,
          "duration" : 6750
        }
      }, {
        "uid" : "826ae9fd99a34f8c",
        "reportUrl" : "https://Szalma.github.io/vizsgaremek/26//#testresult/826ae9fd99a34f8c",
        "status" : "passed",
        "time" : {
          "start" : 1629353933702,
          "stop" : 1629353938318,
          "duration" : 4616
        }
      }, {
        "uid" : "2ab77ad35c8fdc81",
        "reportUrl" : "https://Szalma.github.io/vizsgaremek/23//#testresult/2ab77ad35c8fdc81",
        "status" : "passed",
        "time" : {
          "start" : 1629353754594,
          "stop" : 1629353759291,
          "duration" : 4697
        }
      }, {
        "uid" : "c5f8fc17a02396b6",
        "reportUrl" : "https://Szalma.github.io/vizsgaremek/21//#testresult/c5f8fc17a02396b6",
        "status" : "passed",
        "time" : {
          "start" : 1629353730366,
          "stop" : 1629353736912,
          "duration" : 6546
        }
      }, {
        "uid" : "7ca5d02ca57692a2",
        "reportUrl" : "https://Szalma.github.io/vizsgaremek/18//#testresult/7ca5d02ca57692a2",
        "status" : "passed",
        "time" : {
          "start" : 1629353666466,
          "stop" : 1629353677076,
          "duration" : 10610
        }
      }, {
        "uid" : "adae781c523d090f",
        "reportUrl" : "https://Szalma.github.io/vizsgaremek/22//#testresult/adae781c523d090f",
        "status" : "passed",
        "time" : {
          "start" : 1629316102671,
          "stop" : 1629316132159,
          "duration" : 29488
        }
      }, {
        "uid" : "3cbbe4ed3212b96",
        "reportUrl" : "https://Szalma.github.io/vizsgaremek/20//#testresult/3cbbe4ed3212b96",
        "status" : "broken",
        "statusDetails" : "no such element: Unable to locate element: {\"method\":\"css selector\",\"selector\":\"#email\"}\n  (Session info: headless chrome=92.0.4515.131)\nFor documentation on this error, please visit: https://www.seleniumhq.org/exceptions/no_such_element.html\nBuild info: version: '4.0.0-alpha-2', revision: 'f148142cf8', time: '2019-07-01T20:55:26'\nSystem info: host: 'fv-az72-270', ip: '10.1.0.219', os.name: 'Linux', os.arch: 'amd64', os.version: '5.8.0-1039-azure', java.version: '16.0.2'\nDriver info: org.openqa.selenium.chrome.ChromeDriver\nCapabilities {acceptInsecureCerts: false, browserName: chrome, browserVersion: 92.0.4515.131, chrome: {chromedriverVersion: 92.0.4515.107 (87a818b10553..., userDataDir: /tmp/.com.google.Chrome.mHE3It}, goog:chromeOptions: {debuggerAddress: localhost:44117}, javascriptEnabled: true, networkConnectionEnabled: false, pageLoadStrategy: normal, platform: LINUX, platformName: LINUX, proxy: Proxy(), setWindowRect: true, strictFileInteractability: false, timeouts: {implicit: 0, pageLoad: 300000, script: 30000}, unhandledPromptBehavior: dismiss and notify, webauthn:extension:credBlob: true, webauthn:extension:largeBlob: true, webauthn:virtualAuthenticators: true}\nSession ID: 84a2c73c8e1b958ea9de859d0d00e5af\n*** Element info: {Using=id, value=email}",
        "time" : {
          "start" : 1629316075465,
          "stop" : 1629316109206,
          "duration" : 33741
        }
      }, {
        "uid" : "b623e4a4cbd1d15f",
        "reportUrl" : "https://Szalma.github.io/vizsgaremek/25//#testresult/b623e4a4cbd1d15f",
        "status" : "passed",
        "time" : {
          "start" : 1629315853060,
          "stop" : 1629315889448,
          "duration" : 36388
        }
      }, {
        "uid" : "fdb0a74c710fba57",
        "reportUrl" : "https://Szalma.github.io/vizsgaremek/24//#testresult/fdb0a74c710fba57",
        "status" : "broken",
        "statusDetails" : "no such element: Unable to locate element: {\"method\":\"css selector\",\"selector\":\"#email\"}\n  (Session info: headless chrome=92.0.4515.131)\nFor documentation on this error, please visit: https://www.seleniumhq.org/exceptions/no_such_element.html\nBuild info: version: '4.0.0-alpha-2', revision: 'f148142cf8', time: '2019-07-01T20:55:26'\nSystem info: host: 'fv-az83-229', ip: '10.1.0.47', os.name: 'Linux', os.arch: 'amd64', os.version: '5.8.0-1039-azure', java.version: '1.8.0_302'\nDriver info: org.openqa.selenium.chrome.ChromeDriver\nCapabilities {acceptInsecureCerts: false, browserName: chrome, browserVersion: 92.0.4515.131, chrome: {chromedriverVersion: 92.0.4515.107 (87a818b10553..., userDataDir: /tmp/.com.google.Chrome.E4YavA}, goog:chromeOptions: {debuggerAddress: localhost:46757}, javascriptEnabled: true, networkConnectionEnabled: false, pageLoadStrategy: normal, platform: LINUX, platformName: LINUX, proxy: Proxy(), setWindowRect: true, strictFileInteractability: false, timeouts: {implicit: 0, pageLoad: 300000, script: 30000}, unhandledPromptBehavior: dismiss and notify, webauthn:extension:credBlob: true, webauthn:extension:largeBlob: true, webauthn:virtualAuthenticators: true}\nSession ID: b29edcd9b6b50c4d3d46b01467e945c6\n*** Element info: {Using=id, value=email}",
        "time" : {
          "start" : 1629315786036,
          "stop" : 1629315819866,
          "duration" : 33830
        }
      }, {
        "uid" : "35bd7b77de7d0669",
        "reportUrl" : "https://Szalma.github.io/vizsgaremek/17//#testresult/35bd7b77de7d0669",
        "status" : "broken",
        "statusDetails" : "no such element: Unable to locate element: {\"method\":\"css selector\",\"selector\":\"#email\"}\n  (Session info: headless chrome=92.0.4515.131)\nFor documentation on this error, please visit: https://www.seleniumhq.org/exceptions/no_such_element.html\nBuild info: version: '4.0.0-alpha-2', revision: 'f148142cf8', time: '2019-07-01T20:55:26'\nSystem info: host: 'fv-az72-270', ip: '10.1.0.119', os.name: 'Linux', os.arch: 'amd64', os.version: '5.8.0-1039-azure', java.version: '1.8.0_302'\nDriver info: org.openqa.selenium.chrome.ChromeDriver\nCapabilities {acceptInsecureCerts: false, browserName: chrome, browserVersion: 92.0.4515.131, chrome: {chromedriverVersion: 92.0.4515.107 (87a818b10553..., userDataDir: /tmp/.com.google.Chrome.MuRx2t}, goog:chromeOptions: {debuggerAddress: localhost:36235}, javascriptEnabled: true, networkConnectionEnabled: false, pageLoadStrategy: normal, platform: LINUX, platformName: LINUX, proxy: Proxy(), setWindowRect: true, strictFileInteractability: false, timeouts: {implicit: 0, pageLoad: 300000, script: 30000}, unhandledPromptBehavior: dismiss and notify, webauthn:extension:credBlob: true, webauthn:extension:largeBlob: true, webauthn:virtualAuthenticators: true}\nSession ID: 5c7f6af751ab789c40a018f3823dafc4\n*** Element info: {Using=id, value=email}",
        "time" : {
          "start" : 1629315769483,
          "stop" : 1629315804767,
          "duration" : 35284
        }
      }, {
        "uid" : "e3f895fb600a7eb9",
        "reportUrl" : "https://Szalma.github.io/vizsgaremek/19//#testresult/e3f895fb600a7eb9",
        "status" : "passed",
        "time" : {
          "start" : 1629315186002,
          "stop" : 1629315199470,
          "duration" : 13468
        }
      } ]
    },
    "tags" : [ ]
  },
  "source" : "25b5449a5422af9d.json",
  "parameterValues" : [ ]
}