{
  "uid" : "8b8cf8321b474c60",
  "name" : "signoutTest()",
  "fullName" : "logout.LogoutTest.signoutTest",
  "historyId" : "ff489951925913a970754280ae316aeb",
  "time" : {
    "start" : 1629299866547,
    "stop" : 1629299888005,
    "duration" : 21458
  },
  "description" : "",
  "status" : "broken",
  "statusMessage" : "Expected condition failed: waiting for element to be clickable: By.xpath: //*[@id=\"header\"]/div[2]/div/div/nav/div[1]/a (tried for 10 second(s) with 500 milliseconds interval)",
  "statusTrace" : "org.openqa.selenium.TimeoutException: Expected condition failed: waiting for element to be clickable: By.xpath: //*[@id=\"header\"]/div[2]/div/div/nav/div[1]/a (tried for 10 second(s) with 500 milliseconds interval)\n\tat org.openqa.selenium.support.ui.WebDriverWait.timeoutException(WebDriverWait.java:138)\n\tat org.openqa.selenium.support.ui.FluentWait.until(FluentWait.java:234)\n\tat vizsgaremek.LoginPage.clickLogin(LoginPage.java:23)\n\tat logout.LogoutTest.signoutTest(LogoutTest.java:13)\n\tat java.base/jdk.internal.reflect.NativeMethodAccessorImpl.invoke0(Native Method)\n\tat java.base/jdk.internal.reflect.NativeMethodAccessorImpl.invoke(NativeMethodAccessorImpl.java:78)\n\tat java.base/jdk.internal.reflect.DelegatingMethodAccessorImpl.invoke(DelegatingMethodAccessorImpl.java:43)\n\tat java.base/java.lang.reflect.Method.invoke(Method.java:567)\n\tat org.junit.platform.commons.util.ReflectionUtils.invokeMethod(ReflectionUtils.java:688)\n\tat org.junit.jupiter.engine.execution.MethodInvocation.proceed(MethodInvocation.java:60)\n\tat org.junit.jupiter.engine.execution.InvocationInterceptorChain$ValidatingInvocation.proceed(InvocationInterceptorChain.java:131)\n\tat org.junit.jupiter.api.extension.InvocationInterceptor.interceptTestMethod(InvocationInterceptor.java:117)\n\tat org.junit.jupiter.engine.execution.ExecutableInvoker$ReflectiveInterceptorCall.lambda$ofVoidMethod$0(ExecutableInvoker.java:115)\n\tat org.junit.jupiter.engine.execution.ExecutableInvoker.lambda$invoke$0(ExecutableInvoker.java:105)\n\tat org.junit.jupiter.engine.execution.InvocationInterceptorChain$InterceptedInvocation.proceed(InvocationInterceptorChain.java:106)\n\tat org.junit.jupiter.engine.extension.TimeoutExtension.intercept(TimeoutExtension.java:149)\n\tat org.junit.jupiter.engine.extension.TimeoutExtension.interceptTestableMethod(TimeoutExtension.java:140)\n\tat org.junit.jupiter.engine.extension.TimeoutExtension.interceptTestMethod(TimeoutExtension.java:84)\n\tat org.junit.jupiter.engine.execution.ExecutableInvoker$ReflectiveInterceptorCall.lambda$ofVoidMethod$0(ExecutableInvoker.java:115)\n\tat org.junit.jupiter.engine.execution.ExecutableInvoker.lambda$invoke$0(ExecutableInvoker.java:105)\n\tat org.junit.jupiter.engine.execution.InvocationInterceptorChain$InterceptedInvocation.proceed(InvocationInterceptorChain.java:106)\n\tat org.junit.jupiter.engine.execution.InvocationInterceptorChain.proceed(InvocationInterceptorChain.java:64)\n\tat org.junit.jupiter.engine.execution.InvocationInterceptorChain.chainAndInvoke(InvocationInterceptorChain.java:45)\n\tat org.junit.jupiter.engine.execution.InvocationInterceptorChain.invoke(InvocationInterceptorChain.java:37)\n\tat org.junit.jupiter.engine.execution.ExecutableInvoker.invoke(ExecutableInvoker.java:104)\n\tat org.junit.jupiter.engine.execution.ExecutableInvoker.invoke(ExecutableInvoker.java:98)\n\tat org.junit.jupiter.engine.descriptor.TestMethodTestDescriptor.lambda$invokeTestMethod$6(TestMethodTestDescriptor.java:210)\n\tat org.junit.platform.engine.support.hierarchical.ThrowableCollector.execute(ThrowableCollector.java:73)\n\tat org.junit.jupiter.engine.descriptor.TestMethodTestDescriptor.invokeTestMethod(TestMethodTestDescriptor.java:206)\n\tat org.junit.jupiter.engine.descriptor.TestMethodTestDescriptor.execute(TestMethodTestDescriptor.java:131)\n\tat org.junit.jupiter.engine.descriptor.TestMethodTestDescriptor.execute(TestMethodTestDescriptor.java:65)\n\tat org.junit.platform.engine.support.hierarchical.NodeTestTask.lambda$executeRecursively$5(NodeTestTask.java:139)\n\tat org.junit.platform.engine.support.hierarchical.ThrowableCollector.execute(ThrowableCollector.java:73)\n\tat org.junit.platform.engine.support.hierarchical.NodeTestTask.lambda$executeRecursively$7(NodeTestTask.java:129)\n\tat org.junit.platform.engine.support.hierarchical.Node.around(Node.java:137)\n\tat org.junit.platform.engine.support.hierarchical.NodeTestTask.lambda$executeRecursively$8(NodeTestTask.java:127)\n\tat org.junit.platform.engine.support.hierarchical.ThrowableCollector.execute(ThrowableCollector.java:73)\n\tat org.junit.platform.engine.support.hierarchical.NodeTestTask.executeRecursively(NodeTestTask.java:126)\n\tat org.junit.platform.engine.support.hierarchical.NodeTestTask.execute(NodeTestTask.java:84)\n\tat org.junit.platform.engine.support.hierarchical.ForkJoinPoolHierarchicalTestExecutorService$ExclusiveTask.compute(ForkJoinPoolHierarchicalTestExecutorService.java:185)\n\tat org.junit.platform.engine.support.hierarchical.ForkJoinPoolHierarchicalTestExecutorService.invokeAll(ForkJoinPoolHierarchicalTestExecutorService.java:129)\n\tat org.junit.platform.engine.support.hierarchical.NodeTestTask.lambda$executeRecursively$5(NodeTestTask.java:143)\n\tat org.junit.platform.engine.support.hierarchical.ThrowableCollector.execute(ThrowableCollector.java:73)\n\tat org.junit.platform.engine.support.hierarchical.NodeTestTask.lambda$executeRecursively$7(NodeTestTask.java:129)\n\tat org.junit.platform.engine.support.hierarchical.Node.around(Node.java:137)\n\tat org.junit.platform.engine.support.hierarchical.NodeTestTask.lambda$executeRecursively$8(NodeTestTask.java:127)\n\tat org.junit.platform.engine.support.hierarchical.ThrowableCollector.execute(ThrowableCollector.java:73)\n\tat org.junit.platform.engine.support.hierarchical.NodeTestTask.executeRecursively(NodeTestTask.java:126)\n\tat org.junit.platform.engine.support.hierarchical.NodeTestTask.execute(NodeTestTask.java:84)\n\tat org.junit.platform.engine.support.hierarchical.ForkJoinPoolHierarchicalTestExecutorService$ExclusiveTask.compute(ForkJoinPoolHierarchicalTestExecutorService.java:185)\n\tat org.junit.platform.engine.support.hierarchical.ForkJoinPoolHierarchicalTestExecutorService.executeNonConcurrentTasks(ForkJoinPoolHierarchicalTestExecutorService.java:155)\n\tat org.junit.platform.engine.support.hierarchical.ForkJoinPoolHierarchicalTestExecutorService.invokeAll(ForkJoinPoolHierarchicalTestExecutorService.java:135)\n\tat org.junit.platform.engine.support.hierarchical.NodeTestTask.lambda$executeRecursively$5(NodeTestTask.java:143)\n\tat org.junit.platform.engine.support.hierarchical.ThrowableCollector.execute(ThrowableCollector.java:73)\n\tat org.junit.platform.engine.support.hierarchical.NodeTestTask.lambda$executeRecursively$7(NodeTestTask.java:129)\n\tat org.junit.platform.engine.support.hierarchical.Node.around(Node.java:137)\n\tat org.junit.platform.engine.support.hierarchical.NodeTestTask.lambda$executeRecursively$8(NodeTestTask.java:127)\n\tat org.junit.platform.engine.support.hierarchical.ThrowableCollector.execute(ThrowableCollector.java:73)\n\tat org.junit.platform.engine.support.hierarchical.NodeTestTask.executeRecursively(NodeTestTask.java:126)\n\tat org.junit.platform.engine.support.hierarchical.NodeTestTask.execute(NodeTestTask.java:84)\n\tat org.junit.platform.engine.support.hierarchical.ForkJoinPoolHierarchicalTestExecutorService$ExclusiveTask.compute(ForkJoinPoolHierarchicalTestExecutorService.java:185)\n\tat java.base/java.util.concurrent.RecursiveAction.exec(RecursiveAction.java:194)\n\tat java.base/java.util.concurrent.ForkJoinTask.doExec(ForkJoinTask.java:295)\n\tat java.base/java.util.concurrent.ForkJoinPool$WorkQueue.topLevelExec(ForkJoinPool.java:1016)\n\tat java.base/java.util.concurrent.ForkJoinPool.scan(ForkJoinPool.java:1665)\n\tat java.base/java.util.concurrent.ForkJoinPool.runWorker(ForkJoinPool.java:1598)\n\tat java.base/java.util.concurrent.ForkJoinWorkerThread.run(ForkJoinWorkerThread.java:183)\nCaused by: org.openqa.selenium.NoSuchElementException: no such element: Unable to locate element: {\"method\":\"xpath\",\"selector\":\"//*[@id=\"header\"]/div[2]/div/div/nav/div[1]/a\"}\n  (Session info: headless chrome=92.0.4515.131)\nFor documentation on this error, please visit: https://www.seleniumhq.org/exceptions/no_such_element.html\nBuild info: version: '4.0.0-alpha-2', revision: 'f148142cf8', time: '2019-07-01T20:55:26'\nSystem info: host: 'fv-az72-270', ip: '10.1.1.135', os.name: 'Linux', os.arch: 'amd64', os.version: '5.8.0-1039-azure', java.version: '16.0.2'\nDriver info: org.openqa.selenium.chrome.ChromeDriver\nCapabilities {acceptInsecureCerts: false, browserName: chrome, browserVersion: 92.0.4515.131, chrome: {chromedriverVersion: 92.0.4515.107 (87a818b10553..., userDataDir: /tmp/.com.google.Chrome.SBlpbw}, goog:chromeOptions: {debuggerAddress: localhost:41607}, javascriptEnabled: true, networkConnectionEnabled: false, pageLoadStrategy: normal, platform: LINUX, platformName: LINUX, proxy: Proxy(), setWindowRect: true, strictFileInteractability: false, timeouts: {implicit: 0, pageLoad: 300000, script: 30000}, unhandledPromptBehavior: dismiss and notify, webauthn:extension:credBlob: true, webauthn:extension:largeBlob: true, webauthn:virtualAuthenticators: true}\nSession ID: 82d41452bce8b91f6ca4cb3e9a102ebf\n*** Element info: {Using=xpath, value=//*[@id=\"header\"]/div[2]/div/div/nav/div[1]/a}\n\tat java.base/jdk.internal.reflect.NativeConstructorAccessorImpl.newInstance0(Native Method)\n\tat java.base/jdk.internal.reflect.NativeConstructorAccessorImpl.newInstance(NativeConstructorAccessorImpl.java:78)\n\tat java.base/jdk.internal.reflect.DelegatingConstructorAccessorImpl.newInstance(DelegatingConstructorAccessorImpl.java:45)\n\tat java.base/java.lang.reflect.Constructor.newInstanceWithCaller(Constructor.java:499)\n\tat java.base/java.lang.reflect.Constructor.newInstance(Constructor.java:480)\n\tat org.openqa.selenium.remote.codec.w3c.W3CHttpResponseCodec.createException(W3CHttpResponseCodec.java:191)\n\tat org.openqa.selenium.remote.codec.w3c.W3CHttpResponseCodec.decode(W3CHttpResponseCodec.java:125)\n\tat org.openqa.selenium.remote.codec.w3c.W3CHttpResponseCodec.decode(W3CHttpResponseCodec.java:52)\n\tat org.openqa.selenium.remote.HttpCommandExecutor.execute(HttpCommandExecutor.java:161)\n\tat org.openqa.selenium.remote.service.DriverCommandExecutor.execute(DriverCommandExecutor.java:83)\n\tat org.openqa.selenium.remote.RemoteWebDriver.execute(RemoteWebDriver.java:576)\n\tat org.openqa.selenium.remote.RemoteWebDriver.findElement(RemoteWebDriver.java:327)\n\tat org.openqa.selenium.remote.RemoteWebDriver.findElementByXPath(RemoteWebDriver.java:445)\n\tat org.openqa.selenium.By$ByXPath.findElement(By.java:353)\n\tat org.openqa.selenium.remote.RemoteWebDriver.findElement(RemoteWebDriver.java:319)\n\tat org.openqa.selenium.support.ui.ExpectedConditions$7.apply(ExpectedConditions.java:205)\n\tat org.openqa.selenium.support.ui.ExpectedConditions$7.apply(ExpectedConditions.java:201)\n\tat org.openqa.selenium.support.ui.ExpectedConditions$22.apply(ExpectedConditions.java:641)\n\tat org.openqa.selenium.support.ui.ExpectedConditions$22.apply(ExpectedConditions.java:638)\n\tat org.openqa.selenium.support.ui.FluentWait.until(FluentWait.java:211)\n\t... 65 more\n",
  "flaky" : false,
  "newFailed" : false,
  "beforeStages" : [ {
    "name" : "Setup",
    "time" : {
      "start" : 1629299866581,
      "stop" : 1629299867854,
      "duration" : 1273
    },
    "status" : "passed",
    "steps" : [ ],
    "attachments" : [ ],
    "parameters" : [ ],
    "stepsCount" : 0,
    "attachmentsCount" : 0,
    "shouldDisplayMessage" : false,
    "hasContent" : false
  } ],
  "afterStages" : [ {
    "name" : "quit",
    "time" : {
      "start" : 1629299887921,
      "stop" : 1629299887995,
      "duration" : 74
    },
    "status" : "passed",
    "steps" : [ ],
    "attachments" : [ ],
    "parameters" : [ ],
    "stepsCount" : 0,
    "attachmentsCount" : 0,
    "shouldDisplayMessage" : false,
    "hasContent" : false
  } ],
  "labels" : [ {
    "name" : "host",
    "value" : "fv-az72-270"
  }, {
    "name" : "thread",
    "value" : "4426@fv-az72-270.ForkJoinPool-1-worker-3(16)"
  }, {
    "name" : "framework",
    "value" : "junit-platform"
  }, {
    "name" : "language",
    "value" : "java"
  }, {
    "name" : "package",
    "value" : "logout.LogoutTest"
  }, {
    "name" : "testClass",
    "value" : "logout.LogoutTest"
  }, {
    "name" : "testMethod",
    "value" : "signoutTest"
  }, {
    "name" : "suite",
    "value" : "logout.LogoutTest"
  }, {
    "name" : "resultFormat",
    "value" : "allure2"
  } ],
  "parameters" : [ ],
  "links" : [ ],
  "hidden" : false,
  "retry" : false,
  "extra" : {
    "severity" : "normal",
    "retries" : [ ],
    "categories" : [ {
      "name" : "Test defects",
      "matchedStatuses" : [ ],
      "flaky" : false
    } ],
    "history" : {
      "statistic" : {
        "failed" : 0,
        "broken" : 20,
        "skipped" : 0,
        "passed" : 36,
        "unknown" : 0,
        "total" : 56
      },
      "items" : [ {
        "uid" : "20e965bb6583c0fe",
        "reportUrl" : "https://Szalma.github.io/vizsgaremek/14//#testresult/20e965bb6583c0fe",
        "status" : "broken",
        "statusDetails" : "no such element: Unable to locate element: {\"method\":\"css selector\",\"selector\":\"#email\"}\n  (Session info: headless chrome=92.0.4515.131)\nFor documentation on this error, please visit: https://www.seleniumhq.org/exceptions/no_such_element.html\nBuild info: version: '4.0.0-alpha-2', revision: 'f148142cf8', time: '2019-07-01T20:55:26'\nSystem info: host: 'fv-az47-628', ip: '10.1.0.18', os.name: 'Linux', os.arch: 'amd64', os.version: '5.8.0-1039-azure', java.version: '1.8.0_302'\nDriver info: org.openqa.selenium.chrome.ChromeDriver\nCapabilities {acceptInsecureCerts: false, browserName: chrome, browserVersion: 92.0.4515.131, chrome: {chromedriverVersion: 92.0.4515.107 (87a818b10553..., userDataDir: /tmp/.com.google.Chrome.2gzOEB}, goog:chromeOptions: {debuggerAddress: localhost:41323}, javascriptEnabled: true, networkConnectionEnabled: false, pageLoadStrategy: normal, platform: LINUX, platformName: LINUX, proxy: Proxy(), setWindowRect: true, strictFileInteractability: false, timeouts: {implicit: 0, pageLoad: 300000, script: 30000}, unhandledPromptBehavior: dismiss and notify, webauthn:extension:credBlob: true, webauthn:extension:largeBlob: true, webauthn:virtualAuthenticators: true}\nSession ID: 4680fbd4102c97a96dab0f945bf58692\n*** Element info: {Using=id, value=email}",
        "time" : {
          "start" : 1629299599280,
          "stop" : 1629299640157,
          "duration" : 40877
        }
      }, {
        "uid" : "b7888a47df785a7",
        "reportUrl" : "https://Szalma.github.io/vizsgaremek/21//#testresult/b7888a47df785a7",
        "status" : "broken",
        "statusDetails" : "Expected condition failed: waiting for element to be clickable: By.xpath: //*[@id=\"header\"]/div[2]/div/div/nav/div[1]/a (tried for 10 second(s) with 500 milliseconds interval)",
        "time" : {
          "start" : 1629299592509,
          "stop" : 1629299617473,
          "duration" : 24964
        }
      }, {
        "uid" : "debb36204facc705",
        "reportUrl" : "https://Szalma.github.io/vizsgaremek/16//#testresult/debb36204facc705",
        "status" : "broken",
        "statusDetails" : "no such element: Unable to locate element: {\"method\":\"xpath\",\"selector\":\"//*[@id=\"header\"]/div[2]/div/div/nav/div[2]/a\"}\n  (Session info: headless chrome=92.0.4515.131)\nFor documentation on this error, please visit: https://www.seleniumhq.org/exceptions/no_such_element.html\nBuild info: version: '4.0.0-alpha-2', revision: 'f148142cf8', time: '2019-07-01T20:55:26'\nSystem info: host: 'fv-az82-699', ip: '10.1.0.29', os.name: 'Linux', os.arch: 'amd64', os.version: '5.8.0-1039-azure', java.version: '16.0.2'\nDriver info: org.openqa.selenium.chrome.ChromeDriver\nCapabilities {acceptInsecureCerts: false, browserName: chrome, browserVersion: 92.0.4515.131, chrome: {chromedriverVersion: 92.0.4515.107 (87a818b10553..., userDataDir: /tmp/.com.google.Chrome.uHhELo}, goog:chromeOptions: {debuggerAddress: localhost:35501}, javascriptEnabled: true, networkConnectionEnabled: false, pageLoadStrategy: normal, platform: LINUX, platformName: LINUX, proxy: Proxy(), setWindowRect: true, strictFileInteractability: false, timeouts: {implicit: 0, pageLoad: 300000, script: 30000}, unhandledPromptBehavior: dismiss and notify, webauthn:extension:credBlob: true, webauthn:extension:largeBlob: true, webauthn:virtualAuthenticators: true}\nSession ID: 95a7fa892c33d6170c06c75775f9d696\n*** Element info: {Using=xpath, value=//*[@id=\"header\"]/div[2]/div/div/nav/div[2]/a}",
        "time" : {
          "start" : 1629286475609,
          "stop" : 1629286522952,
          "duration" : 47343
        }
      }, {
        "uid" : "e2b06e4c05c37a5e",
        "reportUrl" : "https://Szalma.github.io/vizsgaremek/18//#testresult/e2b06e4c05c37a5e",
        "status" : "broken",
        "statusDetails" : "Expected condition failed: waiting for element to be clickable: By.xpath: //*[@id=\"header\"]/div[2]/div/div/nav/div[1]/a (tried for 10 second(s) with 500 milliseconds interval)",
        "time" : {
          "start" : 1629286463603,
          "stop" : 1629286484793,
          "duration" : 21190
        }
      }, {
        "uid" : "1b921273f58a2a4",
        "reportUrl" : "https://Szalma.github.io/vizsgaremek/13//#testresult/1b921273f58a2a4",
        "status" : "passed",
        "time" : {
          "start" : 1629286194482,
          "stop" : 1629286259805,
          "duration" : 65323
        }
      }, {
        "uid" : "3d942ce56a3c6153",
        "reportUrl" : "https://Szalma.github.io/vizsgaremek/20//#testresult/3d942ce56a3c6153",
        "status" : "passed",
        "time" : {
          "start" : 1629286175599,
          "stop" : 1629286230571,
          "duration" : 54972
        }
      }, {
        "uid" : "39444f81427f0406",
        "reportUrl" : "https://Szalma.github.io/vizsgaremek/15//#testresult/39444f81427f0406",
        "status" : "broken",
        "statusDetails" : "Expected condition failed: waiting for element to be clickable: By.xpath: //*[@id=\"header\"]/div[2]/div/div/nav/div[1]/a (tried for 10 second(s) with 500 milliseconds interval)",
        "time" : {
          "start" : 1629284401002,
          "stop" : 1629284422267,
          "duration" : 21265
        }
      }, {
        "uid" : "a4c156cf7ef5e064",
        "reportUrl" : "https://Szalma.github.io/vizsgaremek/20//#testresult/a4c156cf7ef5e064",
        "status" : "broken",
        "statusDetails" : "no such element: Unable to locate element: {\"method\":\"css selector\",\"selector\":\"#email\"}\n  (Session info: headless chrome=92.0.4515.131)\nFor documentation on this error, please visit: https://www.seleniumhq.org/exceptions/no_such_element.html\nBuild info: version: '4.0.0-alpha-2', revision: 'f148142cf8', time: '2019-07-01T20:55:26'\nSystem info: host: 'fv-az82-699', ip: '10.1.0.234', os.name: 'Linux', os.arch: 'amd64', os.version: '5.8.0-1039-azure', java.version: '1.8.0_302'\nDriver info: org.openqa.selenium.chrome.ChromeDriver\nCapabilities {acceptInsecureCerts: false, browserName: chrome, browserVersion: 92.0.4515.131, chrome: {chromedriverVersion: 92.0.4515.107 (87a818b10553..., userDataDir: /tmp/.com.google.Chrome.rN76Md}, goog:chromeOptions: {debuggerAddress: localhost:42865}, javascriptEnabled: true, networkConnectionEnabled: false, pageLoadStrategy: normal, platform: LINUX, platformName: LINUX, proxy: Proxy(), setWindowRect: true, strictFileInteractability: false, timeouts: {implicit: 0, pageLoad: 300000, script: 30000}, unhandledPromptBehavior: dismiss and notify, webauthn:extension:credBlob: true, webauthn:extension:largeBlob: true, webauthn:virtualAuthenticators: true}\nSession ID: fad9611446f5126ab10e88018d64b7ec\n*** Element info: {Using=id, value=email}",
        "time" : {
          "start" : 1629284176382,
          "stop" : 1629284225044,
          "duration" : 48662
        }
      }, {
        "uid" : "a11d96fbd20a48b8",
        "reportUrl" : "https://Szalma.github.io/vizsgaremek/19//#testresult/a11d96fbd20a48b8",
        "status" : "broken",
        "statusDetails" : "Expected condition failed: waiting for element to be clickable: By.xpath: //*[@id=\"header\"]/div[2]/div/div/nav/div[1]/a (tried for 10 second(s) with 500 milliseconds interval)",
        "time" : {
          "start" : 1629284165807,
          "stop" : 1629284199150,
          "duration" : 33343
        }
      }, {
        "uid" : "9d18d231560b758",
        "reportUrl" : "https://Szalma.github.io/vizsgaremek/12//#testresult/9d18d231560b758",
        "status" : "broken",
        "statusDetails" : "Expected condition failed: waiting for element to be clickable: By.xpath: //*[@id=\"header\"]/div[2]/div/div/nav/div[1]/a (tried for 10 second(s) with 500 milliseconds interval)",
        "time" : {
          "start" : 1629284173863,
          "stop" : 1629284205626,
          "duration" : 31763
        }
      }, {
        "uid" : "b8beb34263de285b",
        "reportUrl" : "https://Szalma.github.io/vizsgaremek/16//#testresult/b8beb34263de285b",
        "status" : "broken",
        "statusDetails" : "Expected condition failed: waiting for element to be clickable: By.xpath: //*[@id=\"header\"]/div[2]/div/div/nav/div[1]/a (tried for 10 second(s) with 500 milliseconds interval)",
        "time" : {
          "start" : 1629283737241,
          "stop" : 1629283758515,
          "duration" : 21274
        }
      }, {
        "uid" : "47b06e33a5b673fa",
        "reportUrl" : "https://Szalma.github.io/vizsgaremek/14//#testresult/47b06e33a5b673fa",
        "status" : "broken",
        "statusDetails" : "Expected condition failed: waiting for element to be clickable: By.xpath: //*[@id=\"header\"]/div[2]/div/div/nav/div[1]/a (tried for 10 second(s) with 500 milliseconds interval)",
        "time" : {
          "start" : 1629283767516,
          "stop" : 1629283788752,
          "duration" : 21236
        }
      }, {
        "uid" : "52234dbc3e71e29b",
        "reportUrl" : "https://Szalma.github.io/vizsgaremek/18//#testresult/52234dbc3e71e29b",
        "status" : "passed",
        "time" : {
          "start" : 1629283411158,
          "stop" : 1629283456302,
          "duration" : 45144
        }
      }, {
        "uid" : "3341077548587b3d",
        "reportUrl" : "https://Szalma.github.io/vizsgaremek/11//#testresult/3341077548587b3d",
        "status" : "broken",
        "statusDetails" : "no such element: Unable to locate element: {\"method\":\"xpath\",\"selector\":\"//*[@id=\"header\"]/div[2]/div/div/nav/div[1]/a\"}\n  (Session info: headless chrome=92.0.4515.131)\nFor documentation on this error, please visit: https://www.seleniumhq.org/exceptions/no_such_element.html\nBuild info: version: '4.0.0-alpha-2', revision: 'f148142cf8', time: '2019-07-01T20:55:26'\nSystem info: host: 'fv-az72-270', ip: '10.1.0.26', os.name: 'Linux', os.arch: 'amd64', os.version: '5.8.0-1039-azure', java.version: '1.8.0_302'\nDriver info: org.openqa.selenium.chrome.ChromeDriver\nCapabilities {acceptInsecureCerts: false, browserName: chrome, browserVersion: 92.0.4515.131, chrome: {chromedriverVersion: 92.0.4515.107 (87a818b10553..., userDataDir: /tmp/.com.google.Chrome.rPpOzT}, goog:chromeOptions: {debuggerAddress: localhost:40223}, javascriptEnabled: true, networkConnectionEnabled: false, pageLoadStrategy: normal, platform: LINUX, platformName: LINUX, proxy: Proxy(), setWindowRect: true, strictFileInteractability: false, timeouts: {implicit: 0, pageLoad: 300000, script: 30000}, unhandledPromptBehavior: dismiss and notify, webauthn:extension:credBlob: true, webauthn:extension:largeBlob: true, webauthn:virtualAuthenticators: true}\nSession ID: ad6079dc4b65860bff4db6ce4e8f6f99\n*** Element info: {Using=xpath, value=//*[@id=\"header\"]/div[2]/div/div/nav/div[1]/a}",
        "time" : {
          "start" : 1629283412991,
          "stop" : 1629283473495,
          "duration" : 60504
        }
      }, {
        "uid" : "e1b34d3c829476f0",
        "reportUrl" : "https://Szalma.github.io/vizsgaremek/19//#testresult/e1b34d3c829476f0",
        "status" : "passed",
        "time" : {
          "start" : 1629283405340,
          "stop" : 1629283437556,
          "duration" : 32216
        }
      }, {
        "uid" : "d577f8afa63bcc25",
        "reportUrl" : "https://Szalma.github.io/vizsgaremek/13//#testresult/d577f8afa63bcc25",
        "status" : "passed",
        "time" : {
          "start" : 1629282962503,
          "stop" : 1629282989561,
          "duration" : 27058
        }
      }, {
        "uid" : "c8da8377af201d74",
        "reportUrl" : "https://Szalma.github.io/vizsgaremek/15//#testresult/c8da8377af201d74",
        "status" : "passed",
        "time" : {
          "start" : 1629282892714,
          "stop" : 1629282920450,
          "duration" : 27736
        }
      }, {
        "uid" : "ecb8616d46c0c860",
        "reportUrl" : "https://Szalma.github.io/vizsgaremek/17//#testresult/ecb8616d46c0c860",
        "status" : "broken",
        "statusDetails" : "no such element: Unable to locate element: {\"method\":\"xpath\",\"selector\":\"//*[@id=\"header\"]/div[2]/div/div/nav/div[1]/a\"}\n  (Session info: headless chrome=92.0.4515.131)\nFor documentation on this error, please visit: https://www.seleniumhq.org/exceptions/no_such_element.html\nBuild info: version: '4.0.0-alpha-2', revision: 'f148142cf8', time: '2019-07-01T20:55:26'\nSystem info: host: 'fv-az82-699', ip: '10.1.1.60', os.name: 'Linux', os.arch: 'amd64', os.version: '5.8.0-1039-azure', java.version: '1.8.0_302'\nDriver info: org.openqa.selenium.chrome.ChromeDriver\nCapabilities {acceptInsecureCerts: false, browserName: chrome, browserVersion: 92.0.4515.131, chrome: {chromedriverVersion: 92.0.4515.107 (87a818b10553..., userDataDir: /tmp/.com.google.Chrome.OCkbtP}, goog:chromeOptions: {debuggerAddress: localhost:39551}, javascriptEnabled: true, networkConnectionEnabled: false, pageLoadStrategy: normal, platform: LINUX, platformName: LINUX, proxy: Proxy(), setWindowRect: true, strictFileInteractability: false, timeouts: {implicit: 0, pageLoad: 300000, script: 30000}, unhandledPromptBehavior: dismiss and notify, webauthn:extension:credBlob: true, webauthn:extension:largeBlob: true, webauthn:virtualAuthenticators: true}\nSession ID: 6cef094d278aba51decb05b7ff94dcf4\n*** Element info: {Using=xpath, value=//*[@id=\"header\"]/div[2]/div/div/nav/div[1]/a}",
        "time" : {
          "start" : 1629282537989,
          "stop" : 1629282605741,
          "duration" : 67752
        }
      }, {
        "uid" : "72f782f03e06f277",
        "reportUrl" : "https://Szalma.github.io/vizsgaremek/18//#testresult/72f782f03e06f277",
        "status" : "broken",
        "statusDetails" : "no such element: Unable to locate element: {\"method\":\"css selector\",\"selector\":\"#email\"}\n  (Session info: headless chrome=92.0.4515.131)\nFor documentation on this error, please visit: https://www.seleniumhq.org/exceptions/no_such_element.html\nBuild info: version: '4.0.0-alpha-2', revision: 'f148142cf8', time: '2019-07-01T20:55:26'\nSystem info: host: 'fv-az83-229', ip: '10.1.1.18', os.name: 'Linux', os.arch: 'amd64', os.version: '5.8.0-1039-azure', java.version: '1.8.0_302'\nDriver info: org.openqa.selenium.chrome.ChromeDriver\nCapabilities {acceptInsecureCerts: false, browserName: chrome, browserVersion: 92.0.4515.131, chrome: {chromedriverVersion: 92.0.4515.107 (87a818b10553..., userDataDir: /tmp/.com.google.Chrome.tvpLey}, goog:chromeOptions: {debuggerAddress: localhost:46823}, javascriptEnabled: true, networkConnectionEnabled: false, pageLoadStrategy: normal, platform: LINUX, platformName: LINUX, proxy: Proxy(), setWindowRect: true, strictFileInteractability: false, timeouts: {implicit: 0, pageLoad: 300000, script: 30000}, unhandledPromptBehavior: dismiss and notify, webauthn:extension:credBlob: true, webauthn:extension:largeBlob: true, webauthn:virtualAuthenticators: true}\nSession ID: 6e68ceac26c5c348d1ce0851024c7579\n*** Element info: {Using=id, value=email}",
        "time" : {
          "start" : 1629282532664,
          "stop" : 1629282584777,
          "duration" : 52113
        }
      }, {
        "uid" : "106b82da13b8466a",
        "reportUrl" : "https://Szalma.github.io/vizsgaremek/10//#testresult/106b82da13b8466a",
        "status" : "passed",
        "time" : {
          "start" : 1629282526152,
          "stop" : 1629282568880,
          "duration" : 42728
        }
      } ]
    },
    "tags" : [ ]
  },
  "source" : "8b8cf8321b474c60.json",
  "parameterValues" : [ ]
}