{
  "uid" : "a3d2a3c5d21a33e3",
  "name" : "delete()",
  "fullName" : "newdatainput.NewDataInputTest.delete",
  "historyId" : "8afc4a90038acf70bc20827c2141baa1",
  "time" : {
    "start" : 1629299743482,
    "stop" : 1629299768939,
    "duration" : 25457
  },
  "description" : "",
  "status" : "broken",
  "statusMessage" : "Expected condition failed: waiting for element to be clickable: By.xpath: //*[@id=\"header\"]/div[2]/div/div/nav/div[1]/a (tried for 10 second(s) with 500 milliseconds interval)",
  "statusTrace" : "org.openqa.selenium.TimeoutException: Expected condition failed: waiting for element to be clickable: By.xpath: //*[@id=\"header\"]/div[2]/div/div/nav/div[1]/a (tried for 10 second(s) with 500 milliseconds interval)\n\tat org.openqa.selenium.support.ui.WebDriverWait.timeoutException(WebDriverWait.java:138)\n\tat org.openqa.selenium.support.ui.FluentWait.until(FluentWait.java:234)\n\tat vizsgaremek.LoginPage.clickLogin(LoginPage.java:23)\n\tat newdatainput.NewDataInputTest.delete(NewDataInputTest.java:45)\n\tat sun.reflect.NativeMethodAccessorImpl.invoke0(Native Method)\n\tat sun.reflect.NativeMethodAccessorImpl.invoke(NativeMethodAccessorImpl.java:62)\n\tat sun.reflect.DelegatingMethodAccessorImpl.invoke(DelegatingMethodAccessorImpl.java:43)\n\tat java.lang.reflect.Method.invoke(Method.java:498)\n\tat org.junit.platform.commons.util.ReflectionUtils.invokeMethod(ReflectionUtils.java:688)\n\tat org.junit.jupiter.engine.execution.MethodInvocation.proceed(MethodInvocation.java:60)\n\tat org.junit.jupiter.engine.execution.InvocationInterceptorChain$ValidatingInvocation.proceed(InvocationInterceptorChain.java:131)\n\tat org.junit.jupiter.api.extension.InvocationInterceptor.interceptTestMethod(InvocationInterceptor.java:117)\n\tat org.junit.jupiter.engine.execution.ExecutableInvoker$ReflectiveInterceptorCall.lambda$ofVoidMethod$0(ExecutableInvoker.java:115)\n\tat org.junit.jupiter.engine.execution.ExecutableInvoker.lambda$invoke$0(ExecutableInvoker.java:105)\n\tat org.junit.jupiter.engine.execution.InvocationInterceptorChain$InterceptedInvocation.proceed(InvocationInterceptorChain.java:106)\n\tat org.junit.jupiter.engine.extension.TimeoutExtension.intercept(TimeoutExtension.java:149)\n\tat org.junit.jupiter.engine.extension.TimeoutExtension.interceptTestableMethod(TimeoutExtension.java:140)\n\tat org.junit.jupiter.engine.extension.TimeoutExtension.interceptTestMethod(TimeoutExtension.java:84)\n\tat org.junit.jupiter.engine.execution.ExecutableInvoker$ReflectiveInterceptorCall.lambda$ofVoidMethod$0(ExecutableInvoker.java:115)\n\tat org.junit.jupiter.engine.execution.ExecutableInvoker.lambda$invoke$0(ExecutableInvoker.java:105)\n\tat org.junit.jupiter.engine.execution.InvocationInterceptorChain$InterceptedInvocation.proceed(InvocationInterceptorChain.java:106)\n\tat org.junit.jupiter.engine.execution.InvocationInterceptorChain.proceed(InvocationInterceptorChain.java:64)\n\tat org.junit.jupiter.engine.execution.InvocationInterceptorChain.chainAndInvoke(InvocationInterceptorChain.java:45)\n\tat org.junit.jupiter.engine.execution.InvocationInterceptorChain.invoke(InvocationInterceptorChain.java:37)\n\tat org.junit.jupiter.engine.execution.ExecutableInvoker.invoke(ExecutableInvoker.java:104)\n\tat org.junit.jupiter.engine.execution.ExecutableInvoker.invoke(ExecutableInvoker.java:98)\n\tat org.junit.jupiter.engine.descriptor.TestMethodTestDescriptor.lambda$invokeTestMethod$6(TestMethodTestDescriptor.java:210)\n\tat org.junit.platform.engine.support.hierarchical.ThrowableCollector.execute(ThrowableCollector.java:73)\n\tat org.junit.jupiter.engine.descriptor.TestMethodTestDescriptor.invokeTestMethod(TestMethodTestDescriptor.java:206)\n\tat org.junit.jupiter.engine.descriptor.TestMethodTestDescriptor.execute(TestMethodTestDescriptor.java:131)\n\tat org.junit.jupiter.engine.descriptor.TestMethodTestDescriptor.execute(TestMethodTestDescriptor.java:65)\n\tat org.junit.platform.engine.support.hierarchical.NodeTestTask.lambda$executeRecursively$5(NodeTestTask.java:139)\n\tat org.junit.platform.engine.support.hierarchical.ThrowableCollector.execute(ThrowableCollector.java:73)\n\tat org.junit.platform.engine.support.hierarchical.NodeTestTask.lambda$executeRecursively$7(NodeTestTask.java:129)\n\tat org.junit.platform.engine.support.hierarchical.Node.around(Node.java:137)\n\tat org.junit.platform.engine.support.hierarchical.NodeTestTask.lambda$executeRecursively$8(NodeTestTask.java:127)\n\tat org.junit.platform.engine.support.hierarchical.ThrowableCollector.execute(ThrowableCollector.java:73)\n\tat org.junit.platform.engine.support.hierarchical.NodeTestTask.executeRecursively(NodeTestTask.java:126)\n\tat org.junit.platform.engine.support.hierarchical.NodeTestTask.execute(NodeTestTask.java:84)\n\tat org.junit.platform.engine.support.hierarchical.ForkJoinPoolHierarchicalTestExecutorService$ExclusiveTask.compute(ForkJoinPoolHierarchicalTestExecutorService.java:185)\n\tat org.junit.platform.engine.support.hierarchical.ForkJoinPoolHierarchicalTestExecutorService.executeNonConcurrentTasks(ForkJoinPoolHierarchicalTestExecutorService.java:155)\n\tat org.junit.platform.engine.support.hierarchical.ForkJoinPoolHierarchicalTestExecutorService.invokeAll(ForkJoinPoolHierarchicalTestExecutorService.java:135)\n\tat org.junit.platform.engine.support.hierarchical.NodeTestTask.lambda$executeRecursively$5(NodeTestTask.java:143)\n\tat org.junit.platform.engine.support.hierarchical.ThrowableCollector.execute(ThrowableCollector.java:73)\n\tat org.junit.platform.engine.support.hierarchical.NodeTestTask.lambda$executeRecursively$7(NodeTestTask.java:129)\n\tat org.junit.platform.engine.support.hierarchical.Node.around(Node.java:137)\n\tat org.junit.platform.engine.support.hierarchical.NodeTestTask.lambda$executeRecursively$8(NodeTestTask.java:127)\n\tat org.junit.platform.engine.support.hierarchical.ThrowableCollector.execute(ThrowableCollector.java:73)\n\tat org.junit.platform.engine.support.hierarchical.NodeTestTask.executeRecursively(NodeTestTask.java:126)\n\tat org.junit.platform.engine.support.hierarchical.NodeTestTask.execute(NodeTestTask.java:84)\n\tat org.junit.platform.engine.support.hierarchical.ForkJoinPoolHierarchicalTestExecutorService$ExclusiveTask.compute(ForkJoinPoolHierarchicalTestExecutorService.java:185)\n\tat org.junit.platform.engine.support.hierarchical.ForkJoinPoolHierarchicalTestExecutorService.executeNonConcurrentTasks(ForkJoinPoolHierarchicalTestExecutorService.java:155)\n\tat org.junit.platform.engine.support.hierarchical.ForkJoinPoolHierarchicalTestExecutorService.invokeAll(ForkJoinPoolHierarchicalTestExecutorService.java:135)\n\tat org.junit.platform.engine.support.hierarchical.NodeTestTask.lambda$executeRecursively$5(NodeTestTask.java:143)\n\tat org.junit.platform.engine.support.hierarchical.ThrowableCollector.execute(ThrowableCollector.java:73)\n\tat org.junit.platform.engine.support.hierarchical.NodeTestTask.lambda$executeRecursively$7(NodeTestTask.java:129)\n\tat org.junit.platform.engine.support.hierarchical.Node.around(Node.java:137)\n\tat org.junit.platform.engine.support.hierarchical.NodeTestTask.lambda$executeRecursively$8(NodeTestTask.java:127)\n\tat org.junit.platform.engine.support.hierarchical.ThrowableCollector.execute(ThrowableCollector.java:73)\n\tat org.junit.platform.engine.support.hierarchical.NodeTestTask.executeRecursively(NodeTestTask.java:126)\n\tat org.junit.platform.engine.support.hierarchical.NodeTestTask.execute(NodeTestTask.java:84)\n\tat org.junit.platform.engine.support.hierarchical.ForkJoinPoolHierarchicalTestExecutorService$ExclusiveTask.compute(ForkJoinPoolHierarchicalTestExecutorService.java:185)\n\tat java.util.concurrent.RecursiveAction.exec(RecursiveAction.java:189)\n\tat java.util.concurrent.ForkJoinTask.doExec(ForkJoinTask.java:289)\n\tat java.util.concurrent.ForkJoinPool$WorkQueue.runTask(ForkJoinPool.java:1056)\n\tat java.util.concurrent.ForkJoinPool.runWorker(ForkJoinPool.java:1692)\n\tat java.util.concurrent.ForkJoinWorkerThread.run(ForkJoinWorkerThread.java:175)\nCaused by: org.openqa.selenium.NoSuchElementException: no such element: Unable to locate element: {\"method\":\"xpath\",\"selector\":\"//*[@id=\"header\"]/div[2]/div/div/nav/div[1]/a\"}\n  (Session info: headless chrome=92.0.4515.131)\nFor documentation on this error, please visit: https://www.seleniumhq.org/exceptions/no_such_element.html\nBuild info: version: '4.0.0-alpha-2', revision: 'f148142cf8', time: '2019-07-01T20:55:26'\nSystem info: host: 'fv-az47-628', ip: '10.1.0.18', os.name: 'Linux', os.arch: 'amd64', os.version: '5.8.0-1039-azure', java.version: '1.8.0_302'\nDriver info: org.openqa.selenium.chrome.ChromeDriver\nCapabilities {acceptInsecureCerts: false, browserName: chrome, browserVersion: 92.0.4515.131, chrome: {chromedriverVersion: 92.0.4515.107 (87a818b10553..., userDataDir: /tmp/.com.google.Chrome.P6ZuC0}, goog:chromeOptions: {debuggerAddress: localhost:46387}, javascriptEnabled: true, networkConnectionEnabled: false, pageLoadStrategy: normal, platform: LINUX, platformName: LINUX, proxy: Proxy(), setWindowRect: true, strictFileInteractability: false, timeouts: {implicit: 0, pageLoad: 300000, script: 30000}, unhandledPromptBehavior: dismiss and notify, webauthn:extension:credBlob: true, webauthn:extension:largeBlob: true, webauthn:virtualAuthenticators: true}\nSession ID: 70238d6476b5c0d7c019cf2f2999d542\n*** Element info: {Using=xpath, value=//*[@id=\"header\"]/div[2]/div/div/nav/div[1]/a}\n\tat sun.reflect.NativeConstructorAccessorImpl.newInstance0(Native Method)\n\tat sun.reflect.NativeConstructorAccessorImpl.newInstance(NativeConstructorAccessorImpl.java:62)\n\tat sun.reflect.DelegatingConstructorAccessorImpl.newInstance(DelegatingConstructorAccessorImpl.java:45)\n\tat java.lang.reflect.Constructor.newInstance(Constructor.java:423)\n\tat org.openqa.selenium.remote.codec.w3c.W3CHttpResponseCodec.createException(W3CHttpResponseCodec.java:191)\n\tat org.openqa.selenium.remote.codec.w3c.W3CHttpResponseCodec.decode(W3CHttpResponseCodec.java:125)\n\tat org.openqa.selenium.remote.codec.w3c.W3CHttpResponseCodec.decode(W3CHttpResponseCodec.java:52)\n\tat org.openqa.selenium.remote.HttpCommandExecutor.execute(HttpCommandExecutor.java:161)\n\tat org.openqa.selenium.remote.service.DriverCommandExecutor.execute(DriverCommandExecutor.java:83)\n\tat org.openqa.selenium.remote.RemoteWebDriver.execute(RemoteWebDriver.java:576)\n\tat org.openqa.selenium.remote.RemoteWebDriver.findElement(RemoteWebDriver.java:327)\n\tat org.openqa.selenium.remote.RemoteWebDriver.findElementByXPath(RemoteWebDriver.java:445)\n\tat org.openqa.selenium.By$ByXPath.findElement(By.java:353)\n\tat org.openqa.selenium.remote.RemoteWebDriver.findElement(RemoteWebDriver.java:319)\n\tat org.openqa.selenium.support.ui.ExpectedConditions$7.apply(ExpectedConditions.java:205)\n\tat org.openqa.selenium.support.ui.ExpectedConditions$7.apply(ExpectedConditions.java:201)\n\tat org.openqa.selenium.support.ui.ExpectedConditions$22.apply(ExpectedConditions.java:641)\n\tat org.openqa.selenium.support.ui.ExpectedConditions$22.apply(ExpectedConditions.java:638)\n\tat org.openqa.selenium.support.ui.FluentWait.until(FluentWait.java:211)\n\t... 65 more\n",
  "flaky" : false,
  "newFailed" : false,
  "beforeStages" : [ {
    "name" : "Setup",
    "time" : {
      "start" : 1629299743483,
      "stop" : 1629299748843,
      "duration" : 5360
    },
    "status" : "passed",
    "steps" : [ ],
    "attachments" : [ ],
    "parameters" : [ ],
    "shouldDisplayMessage" : false,
    "hasContent" : false,
    "stepsCount" : 0,
    "attachmentsCount" : 0
  } ],
  "afterStages" : [ {
    "name" : "quit",
    "time" : {
      "start" : 1629299768866,
      "stop" : 1629299768938,
      "duration" : 72
    },
    "status" : "passed",
    "steps" : [ ],
    "attachments" : [ ],
    "parameters" : [ ],
    "shouldDisplayMessage" : false,
    "hasContent" : false,
    "stepsCount" : 0,
    "attachmentsCount" : 0
  } ],
  "labels" : [ {
    "name" : "host",
    "value" : "fv-az47-628"
  }, {
    "name" : "thread",
    "value" : "2903@fv-az47-628.ForkJoinPool-1-worker-1(12)"
  }, {
    "name" : "framework",
    "value" : "junit-platform"
  }, {
    "name" : "language",
    "value" : "java"
  }, {
    "name" : "package",
    "value" : "newdatainput.NewDataInputTest"
  }, {
    "name" : "testClass",
    "value" : "newdatainput.NewDataInputTest"
  }, {
    "name" : "testMethod",
    "value" : "delete"
  }, {
    "name" : "suite",
    "value" : "newdatainput.NewDataInputTest"
  }, {
    "name" : "resultFormat",
    "value" : "allure2"
  } ],
  "parameters" : [ ],
  "links" : [ ],
  "hidden" : false,
  "retry" : false,
  "extra" : {
    "severity" : "normal",
    "retries" : [ ],
    "categories" : [ {
      "name" : "Test defects",
      "matchedStatuses" : [ ],
      "flaky" : false
    } ],
    "history" : {
      "statistic" : {
        "failed" : 0,
        "broken" : 30,
        "skipped" : 0,
        "passed" : 11,
        "unknown" : 0,
        "total" : 41
      },
      "items" : [ {
        "uid" : "1d15d925a9c1cec9",
        "reportUrl" : "https://Szalma.github.io/vizsgaremek/21//#testresult/1d15d925a9c1cec9",
        "status" : "broken",
        "statusDetails" : "Expected condition failed: waiting for element to be clickable: By.xpath: //*[@id=\"header\"]/div[2]/div/div/nav/div[1]/a (tried for 10 second(s) with 500 milliseconds interval)",
        "time" : {
          "start" : 1629299617848,
          "stop" : 1629299643570,
          "duration" : 25722
        }
      }, {
        "uid" : "cea5c822a5545ffe",
        "reportUrl" : "https://Szalma.github.io/vizsgaremek/16//#testresult/cea5c822a5545ffe",
        "status" : "broken",
        "statusDetails" : "no such element: Unable to locate element: {\"method\":\"css selector\",\"selector\":\"#email\"}\n  (Session info: headless chrome=92.0.4515.131)\nFor documentation on this error, please visit: https://www.seleniumhq.org/exceptions/no_such_element.html\nBuild info: version: '4.0.0-alpha-2', revision: 'f148142cf8', time: '2019-07-01T20:55:26'\nSystem info: host: 'fv-az82-699', ip: '10.1.0.29', os.name: 'Linux', os.arch: 'amd64', os.version: '5.8.0-1039-azure', java.version: '16.0.2'\nDriver info: org.openqa.selenium.chrome.ChromeDriver\nCapabilities {acceptInsecureCerts: false, browserName: chrome, browserVersion: 92.0.4515.131, chrome: {chromedriverVersion: 92.0.4515.107 (87a818b10553..., userDataDir: /tmp/.com.google.Chrome.c9eCGi}, goog:chromeOptions: {debuggerAddress: localhost:37183}, javascriptEnabled: true, networkConnectionEnabled: false, pageLoadStrategy: normal, platform: LINUX, platformName: LINUX, proxy: Proxy(), setWindowRect: true, strictFileInteractability: false, timeouts: {implicit: 0, pageLoad: 300000, script: 30000}, unhandledPromptBehavior: dismiss and notify, webauthn:extension:credBlob: true, webauthn:extension:largeBlob: true, webauthn:virtualAuthenticators: true}\nSession ID: 9378dfc2a53c4eb85793a238d25238f6\n*** Element info: {Using=id, value=email}",
        "time" : {
          "start" : 1629286646512,
          "stop" : 1629286684122,
          "duration" : 37610
        }
      }, {
        "uid" : "4c92ab20f60f6211",
        "reportUrl" : "https://Szalma.github.io/vizsgaremek/18//#testresult/4c92ab20f60f6211",
        "status" : "broken",
        "statusDetails" : "no such element: Unable to locate element: {\"method\":\"css selector\",\"selector\":\"#email\"}\n  (Session info: headless chrome=92.0.4515.131)\nFor documentation on this error, please visit: https://www.seleniumhq.org/exceptions/no_such_element.html\nBuild info: version: '4.0.0-alpha-2', revision: 'f148142cf8', time: '2019-07-01T20:55:26'\nSystem info: host: 'fv-az82-699', ip: '10.1.0.176', os.name: 'Linux', os.arch: 'amd64', os.version: '5.8.0-1039-azure', java.version: '16.0.2'\nDriver info: org.openqa.selenium.chrome.ChromeDriver\nCapabilities {acceptInsecureCerts: false, browserName: chrome, browserVersion: 92.0.4515.131, chrome: {chromedriverVersion: 92.0.4515.107 (87a818b10553..., userDataDir: /tmp/.com.google.Chrome.hb4UFu}, goog:chromeOptions: {debuggerAddress: localhost:33211}, javascriptEnabled: true, networkConnectionEnabled: false, pageLoadStrategy: normal, platform: LINUX, platformName: LINUX, proxy: Proxy(), setWindowRect: true, strictFileInteractability: false, timeouts: {implicit: 0, pageLoad: 300000, script: 30000}, unhandledPromptBehavior: dismiss and notify, webauthn:extension:credBlob: true, webauthn:extension:largeBlob: true, webauthn:virtualAuthenticators: true}\nSession ID: 87ad8707c8f65c457a94d05f70d991a7\n*** Element info: {Using=id, value=email}",
        "time" : {
          "start" : 1629286618586,
          "stop" : 1629286650272,
          "duration" : 31686
        }
      }, {
        "uid" : "fdab839e3c0c0933",
        "reportUrl" : "https://Szalma.github.io/vizsgaremek/13//#testresult/fdab839e3c0c0933",
        "status" : "broken",
        "statusDetails" : "no such element: Unable to locate element: {\"method\":\"xpath\",\"selector\":\"//*[@id=\"center_column\"]/div/div[1]/ul/li[3]/a/span\"}\n  (Session info: headless chrome=92.0.4515.131)\nFor documentation on this error, please visit: https://www.seleniumhq.org/exceptions/no_such_element.html\nBuild info: version: '4.0.0-alpha-2', revision: 'f148142cf8', time: '2019-07-01T20:55:26'\nSystem info: host: 'fv-az82-699', ip: '10.1.0.147', os.name: 'Linux', os.arch: 'amd64', os.version: '5.8.0-1039-azure', java.version: '1.8.0_302'\nDriver info: org.openqa.selenium.chrome.ChromeDriver\nCapabilities {acceptInsecureCerts: false, browserName: chrome, browserVersion: 92.0.4515.131, chrome: {chromedriverVersion: 92.0.4515.107 (87a818b10553..., userDataDir: /tmp/.com.google.Chrome.GV4Ibk}, goog:chromeOptions: {debuggerAddress: localhost:44493}, javascriptEnabled: true, networkConnectionEnabled: false, pageLoadStrategy: normal, platform: LINUX, platformName: LINUX, proxy: Proxy(), setWindowRect: true, strictFileInteractability: false, timeouts: {implicit: 0, pageLoad: 300000, script: 30000}, unhandledPromptBehavior: dismiss and notify, webauthn:extension:credBlob: true, webauthn:extension:largeBlob: true, webauthn:virtualAuthenticators: true}\nSession ID: 8c614d5f5a4cf653dd553fdc084df796\n*** Element info: {Using=xpath, value=//*[@id=\"center_column\"]/div/div[1]/ul/li[3]/a/span}",
        "time" : {
          "start" : 1629286389530,
          "stop" : 1629286432786,
          "duration" : 43256
        }
      }, {
        "uid" : "be99ac514c75c6dd",
        "reportUrl" : "https://Szalma.github.io/vizsgaremek/20//#testresult/be99ac514c75c6dd",
        "status" : "broken",
        "statusDetails" : "Expected condition failed: waiting for element to be clickable: By.xpath: //*[@id=\"header\"]/div[2]/div/div/nav/div[1]/a (tried for 10 second(s) with 500 milliseconds interval)",
        "time" : {
          "start" : 1629286369019,
          "stop" : 1629286389450,
          "duration" : 20431
        }
      }, {
        "uid" : "8f2cc6e042af8eaa",
        "reportUrl" : "https://Szalma.github.io/vizsgaremek/15//#testresult/8f2cc6e042af8eaa",
        "status" : "passed",
        "time" : {
          "start" : 1629284586059,
          "stop" : 1629284609558,
          "duration" : 23499
        }
      }, {
        "uid" : "3ce66190331b6954",
        "reportUrl" : "https://Szalma.github.io/vizsgaremek/20//#testresult/3ce66190331b6954",
        "status" : "broken",
        "statusDetails" : "Expected condition failed: waiting for element to be clickable: By.xpath: //*[@id=\"header\"]/div[2]/div/div/nav/div[1]/a (tried for 10 second(s) with 500 milliseconds interval)",
        "time" : {
          "start" : 1629284382477,
          "stop" : 1629284403042,
          "duration" : 20565
        }
      }, {
        "uid" : "fb1cb89f1e2eb747",
        "reportUrl" : "https://Szalma.github.io/vizsgaremek/19//#testresult/fb1cb89f1e2eb747",
        "status" : "broken",
        "statusDetails" : "Expected condition failed: waiting for element to be clickable: By.xpath: //*[@id=\"header\"]/div[2]/div/div/nav/div[1]/a (tried for 10 second(s) with 500 milliseconds interval)",
        "time" : {
          "start" : 1629284364854,
          "stop" : 1629284385301,
          "duration" : 20447
        }
      }, {
        "uid" : "c331a8d8688c6800",
        "reportUrl" : "https://Szalma.github.io/vizsgaremek/12//#testresult/c331a8d8688c6800",
        "status" : "broken",
        "statusDetails" : "Expected condition failed: waiting for element to be clickable: By.xpath: //*[@id=\"header\"]/div[2]/div/div/nav/div[1]/a (tried for 10 second(s) with 500 milliseconds interval)",
        "time" : {
          "start" : 1629284293187,
          "stop" : 1629284318401,
          "duration" : 25214
        }
      }, {
        "uid" : "94957048867148ff",
        "reportUrl" : "https://Szalma.github.io/vizsgaremek/16//#testresult/94957048867148ff",
        "status" : "broken",
        "statusDetails" : "no such element: Unable to locate element: {\"method\":\"css selector\",\"selector\":\"#email\"}\n  (Session info: headless chrome=92.0.4515.131)\nFor documentation on this error, please visit: https://www.seleniumhq.org/exceptions/no_such_element.html\nBuild info: version: '4.0.0-alpha-2', revision: 'f148142cf8', time: '2019-07-01T20:55:26'\nSystem info: host: 'fv-az83-229', ip: '10.1.0.143', os.name: 'Linux', os.arch: 'amd64', os.version: '5.8.0-1039-azure', java.version: '16.0.2'\nDriver info: org.openqa.selenium.chrome.ChromeDriver\nCapabilities {acceptInsecureCerts: false, browserName: chrome, browserVersion: 92.0.4515.131, chrome: {chromedriverVersion: 92.0.4515.107 (87a818b10553..., userDataDir: /tmp/.com.google.Chrome.7LryzM}, goog:chromeOptions: {debuggerAddress: localhost:43157}, javascriptEnabled: true, networkConnectionEnabled: false, pageLoadStrategy: normal, platform: LINUX, platformName: LINUX, proxy: Proxy(), setWindowRect: true, strictFileInteractability: false, timeouts: {implicit: 0, pageLoad: 300000, script: 30000}, unhandledPromptBehavior: dismiss and notify, webauthn:extension:credBlob: true, webauthn:extension:largeBlob: true, webauthn:virtualAuthenticators: true}\nSession ID: ec3a36c572e3780c469243a658946780\n*** Element info: {Using=id, value=email}",
        "time" : {
          "start" : 1629283922598,
          "stop" : 1629283960376,
          "duration" : 37778
        }
      }, {
        "uid" : "e6012f117bb9dc85",
        "reportUrl" : "https://Szalma.github.io/vizsgaremek/14//#testresult/e6012f117bb9dc85",
        "status" : "broken",
        "statusDetails" : "Expected condition failed: waiting for element to be clickable: By.xpath: //*[@id=\"header\"]/div[2]/div/div/nav/div[1]/a (tried for 10 second(s) with 500 milliseconds interval)",
        "time" : {
          "start" : 1629283931367,
          "stop" : 1629283956558,
          "duration" : 25191
        }
      }, {
        "uid" : "91c4c80f51ec8b5e",
        "reportUrl" : "https://Szalma.github.io/vizsgaremek/18//#testresult/91c4c80f51ec8b5e",
        "status" : "broken",
        "statusDetails" : "no such element: Unable to locate element: {\"method\":\"css selector\",\"selector\":\"#email\"}\n  (Session info: headless chrome=92.0.4515.131)\nFor documentation on this error, please visit: https://www.seleniumhq.org/exceptions/no_such_element.html\nBuild info: version: '4.0.0-alpha-2', revision: 'f148142cf8', time: '2019-07-01T20:55:26'\nSystem info: host: 'fv-az39-548', ip: '10.1.0.118', os.name: 'Linux', os.arch: 'amd64', os.version: '5.8.0-1039-azure', java.version: '1.8.0_302'\nDriver info: org.openqa.selenium.chrome.ChromeDriver\nCapabilities {acceptInsecureCerts: false, browserName: chrome, browserVersion: 92.0.4515.131, chrome: {chromedriverVersion: 92.0.4515.107 (87a818b10553..., userDataDir: /tmp/.com.google.Chrome.xpHzTK}, goog:chromeOptions: {debuggerAddress: localhost:34061}, javascriptEnabled: true, networkConnectionEnabled: false, pageLoadStrategy: normal, platform: LINUX, platformName: LINUX, proxy: Proxy(), setWindowRect: true, strictFileInteractability: false, timeouts: {implicit: 0, pageLoad: 300000, script: 30000}, unhandledPromptBehavior: dismiss and notify, webauthn:extension:credBlob: true, webauthn:extension:largeBlob: true, webauthn:virtualAuthenticators: true}\nSession ID: db04ca36365d69f00cd3cb2b76195adb\n*** Element info: {Using=id, value=email}",
        "time" : {
          "start" : 1629283673408,
          "stop" : 1629283704033,
          "duration" : 30625
        }
      }, {
        "uid" : "44cb122945619a6d",
        "reportUrl" : "https://Szalma.github.io/vizsgaremek/11//#testresult/44cb122945619a6d",
        "status" : "broken",
        "statusDetails" : "Expected condition failed: waiting for element to be clickable: By.xpath: //*[@id=\"header\"]/div[2]/div/div/nav/div[1]/a (tried for 10 second(s) with 500 milliseconds interval)",
        "time" : {
          "start" : 1629283650705,
          "stop" : 1629283671228,
          "duration" : 20523
        }
      }, {
        "uid" : "f324c8af06313c59",
        "reportUrl" : "https://Szalma.github.io/vizsgaremek/19//#testresult/f324c8af06313c59",
        "status" : "broken",
        "statusDetails" : "no such element: Unable to locate element: {\"method\":\"xpath\",\"selector\":\"//*[@id=\"center_column\"]/div[1]/div\"}\n  (Session info: headless chrome=92.0.4515.131)\nFor documentation on this error, please visit: https://www.seleniumhq.org/exceptions/no_such_element.html\nBuild info: version: '4.0.0-alpha-2', revision: 'f148142cf8', time: '2019-07-01T20:55:26'\nSystem info: host: 'fv-az47-628', ip: '10.1.0.74', os.name: 'Linux', os.arch: 'amd64', os.version: '5.8.0-1039-azure', java.version: '1.8.0_302'\nDriver info: org.openqa.selenium.chrome.ChromeDriver\nCapabilities {acceptInsecureCerts: false, browserName: chrome, browserVersion: 92.0.4515.131, chrome: {chromedriverVersion: 92.0.4515.107 (87a818b10553..., userDataDir: /tmp/.com.google.Chrome.YQ09DQ}, goog:chromeOptions: {debuggerAddress: localhost:42075}, javascriptEnabled: true, networkConnectionEnabled: false, pageLoadStrategy: normal, platform: LINUX, platformName: LINUX, proxy: Proxy(), setWindowRect: true, strictFileInteractability: false, timeouts: {implicit: 0, pageLoad: 300000, script: 30000}, unhandledPromptBehavior: dismiss and notify, webauthn:extension:credBlob: true, webauthn:extension:largeBlob: true, webauthn:virtualAuthenticators: true}\nSession ID: 315fe6827f2743902ca8778df219e7ad\n*** Element info: {Using=xpath, value=//*[@id=\"center_column\"]/div[1]/div}",
        "time" : {
          "start" : 1629283584122,
          "stop" : 1629283650036,
          "duration" : 65914
        }
      }, {
        "uid" : "3a6aa8685e27cf62",
        "reportUrl" : "https://Szalma.github.io/vizsgaremek/13//#testresult/3a6aa8685e27cf62",
        "status" : "passed",
        "time" : {
          "start" : 1629283178606,
          "stop" : 1629283200286,
          "duration" : 21680
        }
      }, {
        "uid" : "1985e8d06fbf5435",
        "reportUrl" : "https://Szalma.github.io/vizsgaremek/15//#testresult/1985e8d06fbf5435",
        "status" : "passed",
        "time" : {
          "start" : 1629283043120,
          "stop" : 1629283085581,
          "duration" : 42461
        }
      }, {
        "uid" : "c2c4e9a426657720",
        "reportUrl" : "https://Szalma.github.io/vizsgaremek/17//#testresult/c2c4e9a426657720",
        "status" : "broken",
        "statusDetails" : "no such element: Unable to locate element: {\"method\":\"xpath\",\"selector\":\"//*[@id=\"center_column\"]/div/div[1]/ul/li[3]/a/span\"}\n  (Session info: headless chrome=92.0.4515.131)\nFor documentation on this error, please visit: https://www.seleniumhq.org/exceptions/no_such_element.html\nBuild info: version: '4.0.0-alpha-2', revision: 'f148142cf8', time: '2019-07-01T20:55:26'\nSystem info: host: 'fv-az82-699', ip: '10.1.1.60', os.name: 'Linux', os.arch: 'amd64', os.version: '5.8.0-1039-azure', java.version: '1.8.0_302'\nDriver info: org.openqa.selenium.chrome.ChromeDriver\nCapabilities {acceptInsecureCerts: false, browserName: chrome, browserVersion: 92.0.4515.131, chrome: {chromedriverVersion: 92.0.4515.107 (87a818b10553..., userDataDir: /tmp/.com.google.Chrome.FUgyhD}, goog:chromeOptions: {debuggerAddress: localhost:42589}, javascriptEnabled: true, networkConnectionEnabled: false, pageLoadStrategy: normal, platform: LINUX, platformName: LINUX, proxy: Proxy(), setWindowRect: true, strictFileInteractability: false, timeouts: {implicit: 0, pageLoad: 300000, script: 30000}, unhandledPromptBehavior: dismiss and notify, webauthn:extension:credBlob: true, webauthn:extension:largeBlob: true, webauthn:virtualAuthenticators: true}\nSession ID: e6b1c08a1198b93aa75ae73a450f0d36\n*** Element info: {Using=xpath, value=//*[@id=\"center_column\"]/div/div[1]/ul/li[3]/a/span}",
        "time" : {
          "start" : 1629282794795,
          "stop" : 1629282841619,
          "duration" : 46824
        }
      }, {
        "uid" : "8961227bb366a233",
        "reportUrl" : "https://Szalma.github.io/vizsgaremek/18//#testresult/8961227bb366a233",
        "status" : "broken",
        "statusDetails" : "Expected condition failed: waiting for element to be clickable: By.xpath: //*[@class='last_item alternate_item box']/li[9]/a[2]/span (tried for 10 second(s) with 500 milliseconds interval)",
        "time" : {
          "start" : 1629282763318,
          "stop" : 1629282820022,
          "duration" : 56704
        }
      }, {
        "uid" : "2195d5854f1b2c1",
        "reportUrl" : "https://Szalma.github.io/vizsgaremek/10//#testresult/2195d5854f1b2c1",
        "status" : "broken",
        "statusDetails" : "Expected condition failed: waiting for element to be clickable: By.xpath: //*[@class='last_item alternate_item box']/li[9]/a[2]/span (tried for 10 second(s) with 500 milliseconds interval)",
        "time" : {
          "start" : 1629282728079,
          "stop" : 1629282787825,
          "duration" : 59746
        }
      }, {
        "uid" : "21795d6fd409214c",
        "reportUrl" : "https://Szalma.github.io/vizsgaremek/12//#testresult/21795d6fd409214c",
        "status" : "passed",
        "time" : {
          "start" : 1629275807056,
          "stop" : 1629275815777,
          "duration" : 8721
        }
      } ]
    },
    "tags" : [ ]
  },
  "source" : "a3d2a3c5d21a33e3.json",
  "parameterValues" : [ ]
}